{"/home/runner/work/jblk66AI-bot-tradingG/jblk66AI-bot-tradingG/backend/server.js": {"path":"/home/runner/work/jblk66AI-bot-tradingG/jblk66AI-bot-tradingG/backend/server.js","statementMap":{"0":{"start":{"line":1,"column":0},"end":{"line":1,"column":27}},"1":{"start":{"line":2,"column":16},"end":{"line":2,"column":34}},"2":{"start":{"line":3,"column":15},"end":{"line":3,"column":32}},"3":{"start":{"line":4,"column":13},"end":{"line":4,"column":28}},"4":{"start":{"line":5,"column":21},"end":{"line":5,"column":45}},"5":{"start":{"line":6,"column":17},"end":{"line":6,"column":36}},"6":{"start":{"line":8,"column":19},"end":{"line":8,"column":47}},"7":{"start":{"line":9,"column":20},"end":{"line":9,"column":50}},"8":{"start":{"line":10,"column":23},"end":{"line":10,"column":56}},"9":{"start":{"line":11,"column":23},"end":{"line":11,"column":55}},"10":{"start":{"line":12,"column":19},"end":{"line":12,"column":48}},"11":{"start":{"line":13,"column":21},"end":{"line":13,"column":52}},"12":{"start":{"line":14,"column":21},"end":{"line":14,"column":52}},"13":{"start":{"line":15,"column":24},"end":{"line":15,"column":57}},"14":{"start":{"line":16,"column":22},"end":{"line":16,"column":53}},"15":{"start":{"line":18,"column":12},"end":{"line":18,"column":21}},"16":{"start":{"line":20,"column":0},"end":{"line":20,"column":18}},"17":{"start":{"line":21,"column":0},"end":{"line":26,"column":2}},"18":{"start":{"line":27,"column":0},"end":{"line":27,"column":24}},"19":{"start":{"line":28,"column":0},"end":{"line":28,"column":48}},"20":{"start":{"line":29,"column":0},"end":{"line":29,"column":24}},"21":{"start":{"line":31,"column":0},"end":{"line":38,"column":3}},"22":{"start":{"line":32,"column":2},"end":{"line":37,"column":5}},"23":{"start":{"line":40,"column":0},"end":{"line":40,"column":39}},"24":{"start":{"line":41,"column":0},"end":{"line":41,"column":42}},"25":{"start":{"line":42,"column":0},"end":{"line":42,"column":49}},"26":{"start":{"line":43,"column":0},"end":{"line":43,"column":47}},"27":{"start":{"line":44,"column":0},"end":{"line":44,"column":40}},"28":{"start":{"line":45,"column":0},"end":{"line":45,"column":44}},"29":{"start":{"line":46,"column":0},"end":{"line":46,"column":44}},"30":{"start":{"line":47,"column":0},"end":{"line":47,"column":49}},"31":{"start":{"line":48,"column":0},"end":{"line":48,"column":45}},"32":{"start":{"line":50,"column":0},"end":{"line":52,"column":3}},"33":{"start":{"line":51,"column":2},"end":{"line":51,"column":89}},"34":{"start":{"line":54,"column":0},"end":{"line":60,"column":3}},"35":{"start":{"line":55,"column":2},"end":{"line":55,"column":62}},"36":{"start":{"line":56,"column":2},"end":{"line":59,"column":5}},"37":{"start":{"line":62,"column":13},"end":{"line":62,"column":37}},"38":{"start":{"line":63,"column":20},"end":{"line":63,"column":83}},"39":{"start":{"line":65,"column":20},"end":{"line":81,"column":1}},"40":{"start":{"line":66,"column":2},"end":{"line":76,"column":3}},"41":{"start":{"line":67,"column":4},"end":{"line":71,"column":7}},"42":{"start":{"line":72,"column":4},"end":{"line":72,"column":53}},"43":{"start":{"line":74,"column":4},"end":{"line":74,"column":61}},"44":{"start":{"line":75,"column":4},"end":{"line":75,"column":67}},"45":{"start":{"line":78,"column":2},"end":{"line":80,"column":5}},"46":{"start":{"line":79,"column":4},"end":{"line":79,"column":100}},"47":{"start":{"line":83,"column":0},"end":{"line":83,"column":14}},"48":{"start":{"line":85,"column":0},"end":{"line":85,"column":21}}},"fnMap":{"0":{"name":"(anonymous_0)","decl":{"start":{"line":31,"column":19},"end":{"line":31,"column":20}},"loc":{"start":{"line":31,"column":33},"end":{"line":38,"column":1}},"line":31},"1":{"name":"(anonymous_1)","decl":{"start":{"line":50,"column":8},"end":{"line":50,"column":9}},"loc":{"start":{"line":50,"column":22},"end":{"line":52,"column":1}},"line":50},"2":{"name":"(anonymous_2)","decl":{"start":{"line":54,"column":8},"end":{"line":54,"column":9}},"loc":{"start":{"line":54,"column":33},"end":{"line":60,"column":1}},"line":54},"3":{"name":"(anonymous_3)","decl":{"start":{"line":65,"column":20},"end":{"line":65,"column":21}},"loc":{"start":{"line":65,"column":32},"end":{"line":81,"column":1}},"line":65},"4":{"name":"(anonymous_4)","decl":{"start":{"line":78,"column":19},"end":{"line":78,"column":20}},"loc":{"start":{"line":78,"column":25},"end":{"line":80,"column":3}},"line":78}},"branchMap":{"0":{"loc":{"start":{"line":23,"column":12},"end":{"line":23,"column":42}},"type":"binary-expr","locations":[{"start":{"line":23,"column":12},"end":{"line":23,"column":35}},{"start":{"line":23,"column":39},"end":{"line":23,"column":42}}],"line":23},"1":{"loc":{"start":{"line":36,"column":8},"end":{"line":36,"column":75}},"type":"cond-expr","locations":[{"start":{"line":36,"column":47},"end":{"line":36,"column":58}},{"start":{"line":36,"column":61},"end":{"line":36,"column":75}}],"line":36},"2":{"loc":{"start":{"line":55,"column":36},"end":{"line":55,"column":60}},"type":"binary-expr","locations":[{"start":{"line":55,"column":36},"end":{"line":55,"column":45}},{"start":{"line":55,"column":49},"end":{"line":55,"column":60}}],"line":55},"3":{"loc":{"start":{"line":56,"column":13},"end":{"line":56,"column":30}},"type":"binary-expr","locations":[{"start":{"line":56,"column":13},"end":{"line":56,"column":23}},{"start":{"line":56,"column":27},"end":{"line":56,"column":30}}],"line":56},"4":{"loc":{"start":{"line":57,"column":13},"end":{"line":57,"column":52}},"type":"binary-expr","locations":[{"start":{"line":57,"column":13},"end":{"line":57,"column":24}},{"start":{"line":57,"column":28},"end":{"line":57,"column":52}}],"line":57},"5":{"loc":{"start":{"line":58,"column":8},"end":{"line":58,"column":70}},"type":"binary-expr","locations":[{"start":{"line":58,"column":8},"end":{"line":58,"column":46}},{"start":{"line":58,"column":50},"end":{"line":58,"column":70}}],"line":58},"6":{"loc":{"start":{"line":62,"column":13},"end":{"line":62,"column":37}},"type":"binary-expr","locations":[{"start":{"line":62,"column":13},"end":{"line":62,"column":29}},{"start":{"line":62,"column":33},"end":{"line":62,"column":37}}],"line":62},"7":{"loc":{"start":{"line":63,"column":20},"end":{"line":63,"column":83}},"type":"binary-expr","locations":[{"start":{"line":63,"column":20},"end":{"line":63,"column":43}},{"start":{"line":63,"column":47},"end":{"line":63,"column":83}}],"line":63},"8":{"loc":{"start":{"line":79,"column":58},"end":{"line":79,"column":95}},"type":"binary-expr","locations":[{"start":{"line":79,"column":58},"end":{"line":79,"column":78}},{"start":{"line":79,"column":82},"end":{"line":79,"column":95}}],"line":79}},"s":{"0":1,"1":1,"2":1,"3":1,"4":1,"5":1,"6":1,"7":1,"8":1,"9":1,"10":1,"11":1,"12":1,"13":1,"14":1,"15":1,"16":1,"17":1,"18":1,"19":1,"20":1,"21":1,"22":0,"23":1,"24":1,"25":1,"26":1,"27":1,"28":1,"29":1,"30":1,"31":1,"32":1,"33":0,"34":1,"35":0,"36":0,"37":1,"38":1,"39":1,"40":1,"41":1,"42":1,"43":0,"44":0,"45":1,"46":1,"47":1,"48":1},"f":{"0":0,"1":0,"2":0,"3":1,"4":1},"b":{"0":[1,1],"1":[0,0],"2":[0,0],"3":[0,0],"4":[0,0],"5":[0,0],"6":[1,1],"7":[1,1],"8":[1,0]},"_coverageSchema":"1a1c01bbd47fc00a2c39e90264f33305004495a9","hash":"3c40a03059a5856404cbffa4bce3cd3236875b65"}
,"/home/runner/work/jblk66AI-bot-tradingG/jblk66AI-bot-tradingG/backend/src/middleware/adminAuth.js": {"path":"/home/runner/work/jblk66AI-bot-tradingG/jblk66AI-bot-tradingG/backend/src/middleware/adminAuth.js","statementMap":{"0":{"start":{"line":1,"column":18},"end":{"line":1,"column":48}},"1":{"start":{"line":2,"column":21},"end":{"line":2,"column":54}},"2":{"start":{"line":3,"column":30},"end":{"line":3,"column":53}},"3":{"start":{"line":5,"column":18},"end":{"line":68,"column":1}},"4":{"start":{"line":6,"column":2},"end":{"line":67,"column":3}},"5":{"start":{"line":7,"column":16},"end":{"line":7,"column":20}},"6":{"start":{"line":9,"column":23},"end":{"line":9,"column":48}},"7":{"start":{"line":10,"column":4},"end":{"line":14,"column":5}},"8":{"start":{"line":11,"column":6},"end":{"line":11,"column":34}},"9":{"start":{"line":12,"column":11},"end":{"line":14,"column":5}},"10":{"start":{"line":13,"column":6},"end":{"line":13,"column":37}},"11":{"start":{"line":16,"column":4},"end":{"line":18,"column":5}},"12":{"start":{"line":17,"column":6},"end":{"line":17,"column":94}},"13":{"start":{"line":21,"column":4},"end":{"line":28,"column":5}},"14":{"start":{"line":22,"column":6},"end":{"line":22,"column":41}},"15":{"start":{"line":24,"column":6},"end":{"line":26,"column":7}},"16":{"start":{"line":25,"column":8},"end":{"line":25,"column":67}},"17":{"start":{"line":27,"column":6},"end":{"line":27,"column":65}},"18":{"start":{"line":30,"column":18},"end":{"line":30,"column":74}},"19":{"start":{"line":31,"column":4},"end":{"line":33,"column":5}},"20":{"start":{"line":32,"column":6},"end":{"line":32,"column":67}},"21":{"start":{"line":35,"column":4},"end":{"line":37,"column":5}},"22":{"start":{"line":36,"column":6},"end":{"line":36,"column":71}},"23":{"start":{"line":39,"column":4},"end":{"line":45,"column":5}},"24":{"start":{"line":40,"column":6},"end":{"line":44,"column":7}},"25":{"start":{"line":41,"column":8},"end":{"line":41,"column":39}},"26":{"start":{"line":43,"column":8},"end":{"line":43,"column":95}},"27":{"start":{"line":47,"column":20},"end":{"line":52,"column":6}},"28":{"start":{"line":54,"column":4},"end":{"line":56,"column":5}},"29":{"start":{"line":55,"column":6},"end":{"line":55,"column":80}},"30":{"start":{"line":58,"column":4},"end":{"line":58,"column":40}},"31":{"start":{"line":59,"column":4},"end":{"line":59,"column":25}},"32":{"start":{"line":61,"column":4},"end":{"line":61,"column":22}},"33":{"start":{"line":62,"column":4},"end":{"line":62,"column":26}},"34":{"start":{"line":63,"column":4},"end":{"line":63,"column":11}},"35":{"start":{"line":65,"column":4},"end":{"line":65,"column":51}},"36":{"start":{"line":66,"column":4},"end":{"line":66,"column":71}},"37":{"start":{"line":70,"column":0},"end":{"line":70,"column":27}}},"fnMap":{"0":{"name":"(anonymous_0)","decl":{"start":{"line":5,"column":18},"end":{"line":5,"column":19}},"loc":{"start":{"line":5,"column":44},"end":{"line":68,"column":1}},"line":5}},"branchMap":{"0":{"loc":{"start":{"line":10,"column":4},"end":{"line":14,"column":5}},"type":"if","locations":[{"start":{"line":10,"column":4},"end":{"line":14,"column":5}},{"start":{"line":12,"column":11},"end":{"line":14,"column":5}}],"line":10},"1":{"loc":{"start":{"line":10,"column":8},"end":{"line":10,"column":54}},"type":"binary-expr","locations":[{"start":{"line":10,"column":8},"end":{"line":10,"column":18}},{"start":{"line":10,"column":22},"end":{"line":10,"column":54}}],"line":10},"2":{"loc":{"start":{"line":12,"column":11},"end":{"line":14,"column":5}},"type":"if","locations":[{"start":{"line":12,"column":11},"end":{"line":14,"column":5}},{"start":{},"end":{}}],"line":12},"3":{"loc":{"start":{"line":12,"column":15},"end":{"line":12,"column":52}},"type":"binary-expr","locations":[{"start":{"line":12,"column":15},"end":{"line":12,"column":26}},{"start":{"line":12,"column":30},"end":{"line":12,"column":52}}],"line":12},"4":{"loc":{"start":{"line":16,"column":4},"end":{"line":18,"column":5}},"type":"if","locations":[{"start":{"line":16,"column":4},"end":{"line":18,"column":5}},{"start":{},"end":{}}],"line":16},"5":{"loc":{"start":{"line":24,"column":6},"end":{"line":26,"column":7}},"type":"if","locations":[{"start":{"line":24,"column":6},"end":{"line":26,"column":7}},{"start":{},"end":{}}],"line":24},"6":{"loc":{"start":{"line":31,"column":4},"end":{"line":33,"column":5}},"type":"if","locations":[{"start":{"line":31,"column":4},"end":{"line":33,"column":5}},{"start":{},"end":{}}],"line":31},"7":{"loc":{"start":{"line":35,"column":4},"end":{"line":37,"column":5}},"type":"if","locations":[{"start":{"line":35,"column":4},"end":{"line":37,"column":5}},{"start":{},"end":{}}],"line":35},"8":{"loc":{"start":{"line":39,"column":4},"end":{"line":45,"column":5}},"type":"if","locations":[{"start":{"line":39,"column":4},"end":{"line":45,"column":5}},{"start":{},"end":{}}],"line":39},"9":{"loc":{"start":{"line":40,"column":6},"end":{"line":44,"column":7}},"type":"if","locations":[{"start":{"line":40,"column":6},"end":{"line":44,"column":7}},{"start":{"line":42,"column":13},"end":{"line":44,"column":7}}],"line":40},"10":{"loc":{"start":{"line":40,"column":10},"end":{"line":40,"column":65}},"type":"binary-expr","locations":[{"start":{"line":40,"column":10},"end":{"line":40,"column":29}},{"start":{"line":40,"column":33},"end":{"line":40,"column":65}}],"line":40},"11":{"loc":{"start":{"line":54,"column":4},"end":{"line":56,"column":5}},"type":"if","locations":[{"start":{"line":54,"column":4},"end":{"line":56,"column":5}},{"start":{},"end":{}}],"line":54}},"s":{"0":1,"1":1,"2":1,"3":1,"4":3,"5":3,"6":3,"7":3,"8":2,"9":1,"10":0,"11":3,"12":1,"13":2,"14":2,"15":0,"16":0,"17":0,"18":2,"19":2,"20":0,"21":2,"22":0,"23":2,"24":0,"25":0,"26":0,"27":2,"28":2,"29":0,"30":2,"31":2,"32":2,"33":2,"34":2,"35":0,"36":0,"37":1},"f":{"0":3},"b":{"0":[2,1],"1":[3,2],"2":[0,1],"3":[1,1],"4":[1,2],"5":[0,0],"6":[0,2],"7":[0,2],"8":[0,2],"9":[0,0],"10":[0,0],"11":[0,2]},"_coverageSchema":"1a1c01bbd47fc00a2c39e90264f33305004495a9","hash":"853dc72171c3240bac71ab68220d1ef4e929f0ee"}
,"/home/runner/work/jblk66AI-bot-tradingG/jblk66AI-bot-tradingG/backend/src/middleware/adminRole.js": {"path":"/home/runner/work/jblk66AI-bot-tradingG/jblk66AI-bot-tradingG/backend/src/middleware/adminRole.js","statementMap":{"0":{"start":{"line":1,"column":18},"end":{"line":11,"column":1}},"1":{"start":{"line":2,"column":2},"end":{"line":10,"column":4}},"2":{"start":{"line":3,"column":4},"end":{"line":5,"column":5}},"3":{"start":{"line":4,"column":6},"end":{"line":4,"column":75}},"4":{"start":{"line":6,"column":4},"end":{"line":8,"column":5}},"5":{"start":{"line":7,"column":6},"end":{"line":7,"column":91}},"6":{"start":{"line":9,"column":4},"end":{"line":9,"column":11}},"7":{"start":{"line":13,"column":24},"end":{"line":23,"column":1}},"8":{"start":{"line":14,"column":2},"end":{"line":22,"column":4}},"9":{"start":{"line":15,"column":4},"end":{"line":17,"column":5}},"10":{"start":{"line":16,"column":6},"end":{"line":16,"column":75}},"11":{"start":{"line":18,"column":4},"end":{"line":20,"column":5}},"12":{"start":{"line":19,"column":6},"end":{"line":19,"column":99}},"13":{"start":{"line":21,"column":4},"end":{"line":21,"column":11}},"14":{"start":{"line":25,"column":0},"end":{"line":25,"column":48}}},"fnMap":{"0":{"name":"(anonymous_0)","decl":{"start":{"line":1,"column":18},"end":{"line":1,"column":19}},"loc":{"start":{"line":1,"column":36},"end":{"line":11,"column":1}},"line":1},"1":{"name":"(anonymous_1)","decl":{"start":{"line":2,"column":9},"end":{"line":2,"column":10}},"loc":{"start":{"line":2,"column":29},"end":{"line":10,"column":3}},"line":2},"2":{"name":"(anonymous_2)","decl":{"start":{"line":13,"column":24},"end":{"line":13,"column":25}},"loc":{"start":{"line":13,"column":40},"end":{"line":23,"column":1}},"line":13},"3":{"name":"(anonymous_3)","decl":{"start":{"line":14,"column":9},"end":{"line":14,"column":10}},"loc":{"start":{"line":14,"column":29},"end":{"line":22,"column":3}},"line":14}},"branchMap":{"0":{"loc":{"start":{"line":3,"column":4},"end":{"line":5,"column":5}},"type":"if","locations":[{"start":{"line":3,"column":4},"end":{"line":5,"column":5}},{"start":{},"end":{}}],"line":3},"1":{"loc":{"start":{"line":6,"column":4},"end":{"line":8,"column":5}},"type":"if","locations":[{"start":{"line":6,"column":4},"end":{"line":8,"column":5}},{"start":{},"end":{}}],"line":6},"2":{"loc":{"start":{"line":15,"column":4},"end":{"line":17,"column":5}},"type":"if","locations":[{"start":{"line":15,"column":4},"end":{"line":17,"column":5}},{"start":{},"end":{}}],"line":15},"3":{"loc":{"start":{"line":18,"column":4},"end":{"line":20,"column":5}},"type":"if","locations":[{"start":{"line":18,"column":4},"end":{"line":20,"column":5}},{"start":{},"end":{}}],"line":18},"4":{"loc":{"start":{"line":18,"column":8},"end":{"line":18,"column":77}},"type":"binary-expr","locations":[{"start":{"line":18,"column":8},"end":{"line":18,"column":30}},{"start":{"line":18,"column":34},"end":{"line":18,"column":77}}],"line":18}},"s":{"0":1,"1":10,"2":2,"3":0,"4":2,"5":1,"6":1,"7":1,"8":0,"9":0,"10":0,"11":0,"12":0,"13":0,"14":1},"f":{"0":10,"1":2,"2":0,"3":0},"b":{"0":[0,2],"1":[1,1],"2":[0,0],"3":[0,0],"4":[0,0]},"_coverageSchema":"1a1c01bbd47fc00a2c39e90264f33305004495a9","hash":"aebf8f2c32de33b8c9be3116c41894f89e066134"}
,"/home/runner/work/jblk66AI-bot-tradingG/jblk66AI-bot-tradingG/backend/src/routes/admins.js": {"path":"/home/runner/work/jblk66AI-bot-tradingG/jblk66AI-bot-tradingG/backend/src/routes/admins.js","statementMap":{"0":{"start":{"line":1,"column":16},"end":{"line":1,"column":34}},"1":{"start":{"line":2,"column":15},"end":{"line":2,"column":32}},"2":{"start":{"line":3,"column":15},"end":{"line":3,"column":32}},"3":{"start":{"line":5,"column":18},"end":{"line":5,"column":48}},"4":{"start":{"line":6,"column":21},"end":{"line":6,"column":54}},"5":{"start":{"line":7,"column":18},"end":{"line":7,"column":52}},"6":{"start":{"line":8,"column":22},"end":{"line":8,"column":56}},"7":{"start":{"line":9,"column":27},"end":{"line":9,"column":52}},"8":{"start":{"line":11,"column":15},"end":{"line":11,"column":31}},"9":{"start":{"line":13,"column":20},"end":{"line":13,"column":22}},"10":{"start":{"line":14,"column":29},"end":{"line":14,"column":31}},"11":{"start":{"line":15,"column":29},"end":{"line":15,"column":31}},"12":{"start":{"line":17,"column":29},"end":{"line":17,"column":107}},"13":{"start":{"line":17,"column":35},"end":{"line":17,"column":107}},"14":{"start":{"line":19,"column":0},"end":{"line":19,"column":49}},"15":{"start":{"line":21,"column":0},"end":{"line":40,"column":3}},"16":{"start":{"line":22,"column":2},"end":{"line":39,"column":3}},"17":{"start":{"line":23,"column":17},"end":{"line":23,"column":59}},"18":{"start":{"line":24,"column":18},"end":{"line":24,"column":64}},"19":{"start":{"line":25,"column":17},"end":{"line":25,"column":35}},"20":{"start":{"line":27,"column":28},"end":{"line":30,"column":6}},"21":{"start":{"line":32,"column":4},"end":{"line":35,"column":7}},"22":{"start":{"line":37,"column":4},"end":{"line":37,"column":53}},"23":{"start":{"line":38,"column":4},"end":{"line":38,"column":64}},"24":{"start":{"line":42,"column":0},"end":{"line":51,"column":3}},"25":{"start":{"line":43,"column":2},"end":{"line":50,"column":3}},"26":{"start":{"line":44,"column":18},"end":{"line":44,"column":57}},"27":{"start":{"line":45,"column":4},"end":{"line":45,"column":77}},"28":{"start":{"line":45,"column":16},"end":{"line":45,"column":77}},"29":{"start":{"line":46,"column":4},"end":{"line":46,"column":43}},"30":{"start":{"line":48,"column":4},"end":{"line":48,"column":51}},"31":{"start":{"line":49,"column":4},"end":{"line":49,"column":64}},"32":{"start":{"line":53,"column":0},"end":{"line":103,"column":3}},"33":{"start":{"line":54,"column":2},"end":{"line":102,"column":3}},"34":{"start":{"line":56,"column":6},"end":{"line":56,"column":14}},"35":{"start":{"line":58,"column":4},"end":{"line":60,"column":5}},"36":{"start":{"line":59,"column":6},"end":{"line":59,"column":101}},"37":{"start":{"line":62,"column":21},"end":{"line":62,"column":76}},"38":{"start":{"line":63,"column":4},"end":{"line":63,"column":84}},"39":{"start":{"line":63,"column":18},"end":{"line":63,"column":84}},"40":{"start":{"line":65,"column":25},"end":{"line":65,"column":47}},"41":{"start":{"line":66,"column":29},"end":{"line":66,"column":94}},"42":{"start":{"line":68,"column":18},"end":{"line":81,"column":6}},"43":{"start":{"line":83,"column":4},"end":{"line":83,"column":23}},"44":{"start":{"line":85,"column":4},"end":{"line":95,"column":7}},"45":{"start":{"line":97,"column":21},"end":{"line":97,"column":35}},"46":{"start":{"line":98,"column":4},"end":{"line":98,"column":67}},"47":{"start":{"line":100,"column":4},"end":{"line":100,"column":54}},"48":{"start":{"line":101,"column":4},"end":{"line":101,"column":64}},"49":{"start":{"line":105,"column":0},"end":{"line":143,"column":3}},"50":{"start":{"line":106,"column":2},"end":{"line":142,"column":3}},"51":{"start":{"line":107,"column":18},"end":{"line":107,"column":57}},"52":{"start":{"line":108,"column":4},"end":{"line":108,"column":77}},"53":{"start":{"line":108,"column":16},"end":{"line":108,"column":77}},"54":{"start":{"line":110,"column":26},"end":{"line":110,"column":107}},"55":{"start":{"line":111,"column":21},"end":{"line":111,"column":23}},"56":{"start":{"line":112,"column":21},"end":{"line":112,"column":23}},"57":{"start":{"line":114,"column":4},"end":{"line":120,"column":7}},"58":{"start":{"line":115,"column":6},"end":{"line":119,"column":7}},"59":{"start":{"line":116,"column":8},"end":{"line":116,"column":39}},"60":{"start":{"line":117,"column":8},"end":{"line":117,"column":39}},"61":{"start":{"line":118,"column":8},"end":{"line":118,"column":42}},"62":{"start":{"line":122,"column":4},"end":{"line":122,"column":36}},"63":{"start":{"line":123,"column":4},"end":{"line":123,"column":23}},"64":{"start":{"line":125,"column":4},"end":{"line":136,"column":7}},"65":{"start":{"line":138,"column":4},"end":{"line":138,"column":59}},"66":{"start":{"line":140,"column":4},"end":{"line":140,"column":54}},"67":{"start":{"line":141,"column":4},"end":{"line":141,"column":64}},"68":{"start":{"line":145,"column":0},"end":{"line":174,"column":3}},"69":{"start":{"line":146,"column":2},"end":{"line":173,"column":3}},"70":{"start":{"line":147,"column":4},"end":{"line":149,"column":5}},"71":{"start":{"line":148,"column":6},"end":{"line":148,"column":86}},"72":{"start":{"line":151,"column":18},"end":{"line":151,"column":57}},"73":{"start":{"line":152,"column":4},"end":{"line":152,"column":77}},"74":{"start":{"line":152,"column":16},"end":{"line":152,"column":77}},"75":{"start":{"line":154,"column":4},"end":{"line":154,"column":79}},"76":{"start":{"line":155,"column":4},"end":{"line":155,"column":53}},"77":{"start":{"line":157,"column":4},"end":{"line":167,"column":7}},"78":{"start":{"line":169,"column":4},"end":{"line":169,"column":76}},"79":{"start":{"line":171,"column":4},"end":{"line":171,"column":54}},"80":{"start":{"line":172,"column":4},"end":{"line":172,"column":64}},"81":{"start":{"line":176,"column":0},"end":{"line":205,"column":3}},"82":{"start":{"line":177,"column":2},"end":{"line":204,"column":3}},"83":{"start":{"line":178,"column":18},"end":{"line":178,"column":57}},"84":{"start":{"line":179,"column":4},"end":{"line":179,"column":77}},"85":{"start":{"line":179,"column":16},"end":{"line":179,"column":77}},"86":{"start":{"line":181,"column":25},"end":{"line":181,"column":47}},"87":{"start":{"line":182,"column":4},"end":{"line":182,"column":34}},"88":{"start":{"line":183,"column":4},"end":{"line":183,"column":40}},"89":{"start":{"line":184,"column":4},"end":{"line":184,"column":36}},"90":{"start":{"line":185,"column":4},"end":{"line":185,"column":23}},"91":{"start":{"line":187,"column":4},"end":{"line":187,"column":79}},"92":{"start":{"line":189,"column":4},"end":{"line":198,"column":7}},"93":{"start":{"line":200,"column":4},"end":{"line":200,"column":91}},"94":{"start":{"line":202,"column":4},"end":{"line":202,"column":56}},"95":{"start":{"line":203,"column":4},"end":{"line":203,"column":64}},"96":{"start":{"line":207,"column":0},"end":{"line":236,"column":3}},"97":{"start":{"line":208,"column":2},"end":{"line":235,"column":3}},"98":{"start":{"line":209,"column":23},"end":{"line":209,"column":31}},"99":{"start":{"line":210,"column":18},"end":{"line":210,"column":57}},"100":{"start":{"line":211,"column":4},"end":{"line":211,"column":77}},"101":{"start":{"line":211,"column":16},"end":{"line":211,"column":77}},"102":{"start":{"line":213,"column":4},"end":{"line":213,"column":27}},"103":{"start":{"line":214,"column":4},"end":{"line":214,"column":36}},"104":{"start":{"line":215,"column":4},"end":{"line":215,"column":23}},"105":{"start":{"line":217,"column":4},"end":{"line":217,"column":79}},"106":{"start":{"line":219,"column":4},"end":{"line":229,"column":7}},"107":{"start":{"line":231,"column":4},"end":{"line":231,"column":78}},"108":{"start":{"line":233,"column":4},"end":{"line":233,"column":55}},"109":{"start":{"line":234,"column":4},"end":{"line":234,"column":64}},"110":{"start":{"line":238,"column":0},"end":{"line":263,"column":3}},"111":{"start":{"line":239,"column":2},"end":{"line":262,"column":3}},"112":{"start":{"line":240,"column":18},"end":{"line":240,"column":57}},"113":{"start":{"line":241,"column":4},"end":{"line":241,"column":77}},"114":{"start":{"line":241,"column":16},"end":{"line":241,"column":77}},"115":{"start":{"line":243,"column":4},"end":{"line":243,"column":26}},"116":{"start":{"line":244,"column":4},"end":{"line":244,"column":36}},"117":{"start":{"line":245,"column":4},"end":{"line":245,"column":23}},"118":{"start":{"line":247,"column":4},"end":{"line":256,"column":7}},"119":{"start":{"line":258,"column":4},"end":{"line":258,"column":78}},"120":{"start":{"line":260,"column":4},"end":{"line":260,"column":56}},"121":{"start":{"line":261,"column":4},"end":{"line":261,"column":64}},"122":{"start":{"line":265,"column":0},"end":{"line":265,"column":24}}},"fnMap":{"0":{"name":"(anonymous_0)","decl":{"start":{"line":17,"column":29},"end":{"line":17,"column":30}},"loc":{"start":{"line":17,"column":35},"end":{"line":17,"column":107}},"line":17},"1":{"name":"(anonymous_1)","decl":{"start":{"line":21,"column":16},"end":{"line":21,"column":17}},"loc":{"start":{"line":21,"column":36},"end":{"line":40,"column":1}},"line":21},"2":{"name":"(anonymous_2)","decl":{"start":{"line":42,"column":19},"end":{"line":42,"column":20}},"loc":{"start":{"line":42,"column":39},"end":{"line":51,"column":1}},"line":42},"3":{"name":"(anonymous_3)","decl":{"start":{"line":53,"column":17},"end":{"line":53,"column":18}},"loc":{"start":{"line":53,"column":37},"end":{"line":103,"column":1}},"line":53},"4":{"name":"(anonymous_4)","decl":{"start":{"line":105,"column":19},"end":{"line":105,"column":20}},"loc":{"start":{"line":105,"column":39},"end":{"line":143,"column":1}},"line":105},"5":{"name":"(anonymous_5)","decl":{"start":{"line":114,"column":26},"end":{"line":114,"column":27}},"loc":{"start":{"line":114,"column":37},"end":{"line":120,"column":5}},"line":114},"6":{"name":"(anonymous_6)","decl":{"start":{"line":145,"column":22},"end":{"line":145,"column":23}},"loc":{"start":{"line":145,"column":42},"end":{"line":174,"column":1}},"line":145},"7":{"name":"(anonymous_7)","decl":{"start":{"line":176,"column":35},"end":{"line":176,"column":36}},"loc":{"start":{"line":176,"column":55},"end":{"line":205,"column":1}},"line":176},"8":{"name":"(anonymous_8)","decl":{"start":{"line":207,"column":28},"end":{"line":207,"column":29}},"loc":{"start":{"line":207,"column":48},"end":{"line":236,"column":1}},"line":207},"9":{"name":"(anonymous_9)","decl":{"start":{"line":238,"column":29},"end":{"line":238,"column":30}},"loc":{"start":{"line":238,"column":49},"end":{"line":263,"column":1}},"line":238}},"branchMap":{"0":{"loc":{"start":{"line":23,"column":26},"end":{"line":23,"column":55}},"type":"binary-expr","locations":[{"start":{"line":23,"column":26},"end":{"line":23,"column":50}},{"start":{"line":23,"column":54},"end":{"line":23,"column":55}}],"line":23},"1":{"loc":{"start":{"line":24,"column":27},"end":{"line":24,"column":58}},"type":"binary-expr","locations":[{"start":{"line":24,"column":27},"end":{"line":24,"column":52}},{"start":{"line":24,"column":56},"end":{"line":24,"column":58}}],"line":24},"2":{"loc":{"start":{"line":45,"column":4},"end":{"line":45,"column":77}},"type":"if","locations":[{"start":{"line":45,"column":4},"end":{"line":45,"column":77}},{"start":{},"end":{}}],"line":45},"3":{"loc":{"start":{"line":58,"column":4},"end":{"line":60,"column":5}},"type":"if","locations":[{"start":{"line":58,"column":4},"end":{"line":60,"column":5}},{"start":{},"end":{}}],"line":58},"4":{"loc":{"start":{"line":58,"column":8},"end":{"line":58,"column":50}},"type":"binary-expr","locations":[{"start":{"line":58,"column":8},"end":{"line":58,"column":14}},{"start":{"line":58,"column":18},"end":{"line":58,"column":28}},{"start":{"line":58,"column":32},"end":{"line":58,"column":41}},{"start":{"line":58,"column":45},"end":{"line":58,"column":50}}],"line":58},"5":{"loc":{"start":{"line":63,"column":4},"end":{"line":63,"column":84}},"type":"if","locations":[{"start":{"line":63,"column":4},"end":{"line":63,"column":84}},{"start":{},"end":{}}],"line":63},"6":{"loc":{"start":{"line":75,"column":19},"end":{"line":75,"column":36}},"type":"binary-expr","locations":[{"start":{"line":75,"column":19},"end":{"line":75,"column":30}},{"start":{"line":75,"column":34},"end":{"line":75,"column":36}}],"line":75},"7":{"loc":{"start":{"line":76,"column":19},"end":{"line":76,"column":36}},"type":"binary-expr","locations":[{"start":{"line":76,"column":19},"end":{"line":76,"column":30}},{"start":{"line":76,"column":34},"end":{"line":76,"column":36}}],"line":76},"8":{"loc":{"start":{"line":77,"column":20},"end":{"line":77,"column":41}},"type":"binary-expr","locations":[{"start":{"line":77,"column":20},"end":{"line":77,"column":32}},{"start":{"line":77,"column":36},"end":{"line":77,"column":41}}],"line":77},"9":{"loc":{"start":{"line":78,"column":19},"end":{"line":78,"column":39}},"type":"binary-expr","locations":[{"start":{"line":78,"column":19},"end":{"line":78,"column":30}},{"start":{"line":78,"column":34},"end":{"line":78,"column":39}}],"line":78},"10":{"loc":{"start":{"line":108,"column":4},"end":{"line":108,"column":77}},"type":"if","locations":[{"start":{"line":108,"column":4},"end":{"line":108,"column":77}},{"start":{},"end":{}}],"line":108},"11":{"loc":{"start":{"line":115,"column":6},"end":{"line":119,"column":7}},"type":"if","locations":[{"start":{"line":115,"column":6},"end":{"line":119,"column":7}},{"start":{},"end":{}}],"line":115},"12":{"loc":{"start":{"line":147,"column":4},"end":{"line":149,"column":5}},"type":"if","locations":[{"start":{"line":147,"column":4},"end":{"line":149,"column":5}},{"start":{},"end":{}}],"line":147},"13":{"loc":{"start":{"line":152,"column":4},"end":{"line":152,"column":77}},"type":"if","locations":[{"start":{"line":152,"column":4},"end":{"line":152,"column":77}},{"start":{},"end":{}}],"line":152},"14":{"loc":{"start":{"line":179,"column":4},"end":{"line":179,"column":77}},"type":"if","locations":[{"start":{"line":179,"column":4},"end":{"line":179,"column":77}},{"start":{},"end":{}}],"line":179},"15":{"loc":{"start":{"line":211,"column":4},"end":{"line":211,"column":77}},"type":"if","locations":[{"start":{"line":211,"column":4},"end":{"line":211,"column":77}},{"start":{},"end":{}}],"line":211},"16":{"loc":{"start":{"line":241,"column":4},"end":{"line":241,"column":77}},"type":"if","locations":[{"start":{"line":241,"column":4},"end":{"line":241,"column":77}},{"start":{},"end":{}}],"line":241}},"s":{"0":1,"1":1,"2":1,"3":1,"4":1,"5":1,"6":1,"7":1,"8":1,"9":1,"10":1,"11":1,"12":1,"13":0,"14":1,"15":1,"16":1,"17":1,"18":1,"19":1,"20":1,"21":1,"22":0,"23":0,"24":1,"25":0,"26":0,"27":0,"28":0,"29":0,"30":0,"31":0,"32":1,"33":0,"34":0,"35":0,"36":0,"37":0,"38":0,"39":0,"40":0,"41":0,"42":0,"43":0,"44":0,"45":0,"46":0,"47":0,"48":0,"49":1,"50":0,"51":0,"52":0,"53":0,"54":0,"55":0,"56":0,"57":0,"58":0,"59":0,"60":0,"61":0,"62":0,"63":0,"64":0,"65":0,"66":0,"67":0,"68":1,"69":0,"70":0,"71":0,"72":0,"73":0,"74":0,"75":0,"76":0,"77":0,"78":0,"79":0,"80":0,"81":1,"82":0,"83":0,"84":0,"85":0,"86":0,"87":0,"88":0,"89":0,"90":0,"91":0,"92":0,"93":0,"94":0,"95":0,"96":1,"97":0,"98":0,"99":0,"100":0,"101":0,"102":0,"103":0,"104":0,"105":0,"106":0,"107":0,"108":0,"109":0,"110":1,"111":0,"112":0,"113":0,"114":0,"115":0,"116":0,"117":0,"118":0,"119":0,"120":0,"121":0,"122":1},"f":{"0":0,"1":1,"2":0,"3":0,"4":0,"5":0,"6":0,"7":0,"8":0,"9":0},"b":{"0":[1,1],"1":[1,1],"2":[0,0],"3":[0,0],"4":[0,0,0,0],"5":[0,0],"6":[0,0],"7":[0,0],"8":[0,0],"9":[0,0],"10":[0,0],"11":[0,0],"12":[0,0],"13":[0,0],"14":[0,0],"15":[0,0],"16":[0,0]},"_coverageSchema":"1a1c01bbd47fc00a2c39e90264f33305004495a9","hash":"066d8679c094911e8969bfdaa8ed1adc49d21e4a"}
,"/home/runner/work/jblk66AI-bot-tradingG/jblk66AI-bot-tradingG/backend/src/routes/analytics.js": {"path":"/home/runner/work/jblk66AI-bot-tradingG/jblk66AI-bot-tradingG/backend/src/routes/analytics.js","statementMap":{"0":{"start":{"line":1,"column":16},"end":{"line":1,"column":34}},"1":{"start":{"line":3,"column":18},"end":{"line":3,"column":52}},"2":{"start":{"line":4,"column":22},"end":{"line":4,"column":56}},"3":{"start":{"line":6,"column":15},"end":{"line":6,"column":31}},"4":{"start":{"line":8,"column":0},"end":{"line":8,"column":67}},"5":{"start":{"line":10,"column":0},"end":{"line":41,"column":3}},"6":{"start":{"line":11,"column":14},"end":{"line":11,"column":24}},"7":{"start":{"line":12,"column":2},"end":{"line":40,"column":5}},"8":{"start":{"line":29,"column":18},"end":{"line":29,"column":31}},"9":{"start":{"line":30,"column":8},"end":{"line":30,"column":35}},"10":{"start":{"line":31,"column":8},"end":{"line":36,"column":10}},"11":{"start":{"line":43,"column":0},"end":{"line":52,"column":3}},"12":{"start":{"line":44,"column":2},"end":{"line":51,"column":5}},"13":{"start":{"line":54,"column":0},"end":{"line":54,"column":24}}},"fnMap":{"0":{"name":"(anonymous_0)","decl":{"start":{"line":10,"column":25},"end":{"line":10,"column":26}},"loc":{"start":{"line":10,"column":39},"end":{"line":41,"column":1}},"line":10},"1":{"name":"(anonymous_1)","decl":{"start":{"line":28,"column":48},"end":{"line":28,"column":49}},"loc":{"start":{"line":28,"column":58},"end":{"line":37,"column":7}},"line":28},"2":{"name":"(anonymous_2)","decl":{"start":{"line":43,"column":23},"end":{"line":43,"column":24}},"loc":{"start":{"line":43,"column":37},"end":{"line":52,"column":1}},"line":43}},"branchMap":{},"s":{"0":1,"1":1,"2":1,"3":1,"4":1,"5":1,"6":0,"7":0,"8":0,"9":0,"10":0,"11":1,"12":0,"13":1},"f":{"0":0,"1":0,"2":0},"b":{},"_coverageSchema":"1a1c01bbd47fc00a2c39e90264f33305004495a9","hash":"8c02e3756d21eb1877c35ada3f0db0467c737dd0"}
,"/home/runner/work/jblk66AI-bot-tradingG/jblk66AI-bot-tradingG/backend/src/routes/auditLogs.js": {"path":"/home/runner/work/jblk66AI-bot-tradingG/jblk66AI-bot-tradingG/backend/src/routes/auditLogs.js","statementMap":{"0":{"start":{"line":1,"column":16},"end":{"line":1,"column":34}},"1":{"start":{"line":3,"column":17},"end":{"line":3,"column":46}},"2":{"start":{"line":4,"column":18},"end":{"line":4,"column":52}},"3":{"start":{"line":5,"column":22},"end":{"line":5,"column":56}},"4":{"start":{"line":7,"column":15},"end":{"line":7,"column":31}},"5":{"start":{"line":9,"column":0},"end":{"line":9,"column":49}},"6":{"start":{"line":11,"column":0},"end":{"line":41,"column":3}},"7":{"start":{"line":12,"column":2},"end":{"line":40,"column":3}},"8":{"start":{"line":13,"column":17},"end":{"line":13,"column":59}},"9":{"start":{"line":14,"column":18},"end":{"line":14,"column":64}},"10":{"start":{"line":15,"column":17},"end":{"line":15,"column":35}},"11":{"start":{"line":17,"column":19},"end":{"line":17,"column":21}},"12":{"start":{"line":18,"column":4},"end":{"line":18,"column":58}},"13":{"start":{"line":18,"column":25},"end":{"line":18,"column":58}},"14":{"start":{"line":19,"column":4},"end":{"line":19,"column":76}},"15":{"start":{"line":19,"column":26},"end":{"line":19,"column":76}},"16":{"start":{"line":20,"column":4},"end":{"line":20,"column":65}},"17":{"start":{"line":20,"column":28},"end":{"line":20,"column":65}},"18":{"start":{"line":21,"column":4},"end":{"line":21,"column":59}},"19":{"start":{"line":21,"column":26},"end":{"line":21,"column":59}},"20":{"start":{"line":22,"column":4},"end":{"line":26,"column":5}},"21":{"start":{"line":23,"column":6},"end":{"line":23,"column":28}},"22":{"start":{"line":24,"column":6},"end":{"line":24,"column":85}},"23":{"start":{"line":24,"column":31},"end":{"line":24,"column":85}},"24":{"start":{"line":25,"column":6},"end":{"line":25,"column":81}},"25":{"start":{"line":25,"column":29},"end":{"line":25,"column":81}},"26":{"start":{"line":28,"column":26},"end":{"line":31,"column":6}},"27":{"start":{"line":33,"column":4},"end":{"line":36,"column":7}},"28":{"start":{"line":38,"column":4},"end":{"line":38,"column":57}},"29":{"start":{"line":39,"column":4},"end":{"line":39,"column":64}},"30":{"start":{"line":43,"column":0},"end":{"line":52,"column":3}},"31":{"start":{"line":44,"column":2},"end":{"line":51,"column":3}},"32":{"start":{"line":45,"column":16},"end":{"line":45,"column":54}},"33":{"start":{"line":46,"column":4},"end":{"line":46,"column":79}},"34":{"start":{"line":46,"column":14},"end":{"line":46,"column":79}},"35":{"start":{"line":47,"column":4},"end":{"line":47,"column":41}},"36":{"start":{"line":49,"column":4},"end":{"line":49,"column":55}},"37":{"start":{"line":50,"column":4},"end":{"line":50,"column":64}},"38":{"start":{"line":54,"column":0},"end":{"line":88,"column":3}},"39":{"start":{"line":55,"column":2},"end":{"line":87,"column":3}},"40":{"start":{"line":56,"column":19},"end":{"line":56,"column":21}},"41":{"start":{"line":57,"column":4},"end":{"line":57,"column":56}},"42":{"start":{"line":57,"column":24},"end":{"line":57,"column":56}},"43":{"start":{"line":58,"column":4},"end":{"line":58,"column":74}},"44":{"start":{"line":58,"column":25},"end":{"line":58,"column":74}},"45":{"start":{"line":59,"column":4},"end":{"line":59,"column":63}},"46":{"start":{"line":59,"column":27},"end":{"line":59,"column":63}},"47":{"start":{"line":60,"column":4},"end":{"line":60,"column":57}},"48":{"start":{"line":60,"column":25},"end":{"line":60,"column":57}},"49":{"start":{"line":61,"column":4},"end":{"line":65,"column":5}},"50":{"start":{"line":62,"column":6},"end":{"line":62,"column":28}},"51":{"start":{"line":63,"column":6},"end":{"line":63,"column":83}},"52":{"start":{"line":63,"column":30},"end":{"line":63,"column":83}},"53":{"start":{"line":64,"column":6},"end":{"line":64,"column":79}},"54":{"start":{"line":64,"column":28},"end":{"line":64,"column":79}},"55":{"start":{"line":67,"column":17},"end":{"line":67,"column":81}},"56":{"start":{"line":69,"column":19},"end":{"line":69,"column":139}},"57":{"start":{"line":70,"column":19},"end":{"line":70,"column":35}},"58":{"start":{"line":71,"column":17},"end":{"line":78,"column":5}},"59":{"start":{"line":72,"column":6},"end":{"line":77,"column":18}},"60":{"start":{"line":74,"column":22},"end":{"line":74,"column":58}},"61":{"start":{"line":75,"column":10},"end":{"line":75,"column":48}},"62":{"start":{"line":79,"column":16},"end":{"line":79,"column":44}},"63":{"start":{"line":81,"column":4},"end":{"line":81,"column":46}},"64":{"start":{"line":82,"column":4},"end":{"line":82,"column":96}},"65":{"start":{"line":83,"column":4},"end":{"line":83,"column":37}},"66":{"start":{"line":85,"column":4},"end":{"line":85,"column":59}},"67":{"start":{"line":86,"column":4},"end":{"line":86,"column":64}},"68":{"start":{"line":90,"column":0},"end":{"line":90,"column":24}}},"fnMap":{"0":{"name":"(anonymous_0)","decl":{"start":{"line":11,"column":16},"end":{"line":11,"column":17}},"loc":{"start":{"line":11,"column":36},"end":{"line":41,"column":1}},"line":11},"1":{"name":"(anonymous_1)","decl":{"start":{"line":43,"column":19},"end":{"line":43,"column":20}},"loc":{"start":{"line":43,"column":39},"end":{"line":52,"column":1}},"line":43},"2":{"name":"(anonymous_2)","decl":{"start":{"line":54,"column":23},"end":{"line":54,"column":24}},"loc":{"start":{"line":54,"column":43},"end":{"line":88,"column":1}},"line":54},"3":{"name":"(anonymous_3)","decl":{"start":{"line":71,"column":26},"end":{"line":71,"column":27}},"loc":{"start":{"line":72,"column":6},"end":{"line":77,"column":18}},"line":72},"4":{"name":"(anonymous_4)","decl":{"start":{"line":73,"column":13},"end":{"line":73,"column":14}},"loc":{"start":{"line":73,"column":20},"end":{"line":76,"column":9}},"line":73}},"branchMap":{"0":{"loc":{"start":{"line":13,"column":26},"end":{"line":13,"column":55}},"type":"binary-expr","locations":[{"start":{"line":13,"column":26},"end":{"line":13,"column":50}},{"start":{"line":13,"column":54},"end":{"line":13,"column":55}}],"line":13},"1":{"loc":{"start":{"line":14,"column":27},"end":{"line":14,"column":58}},"type":"binary-expr","locations":[{"start":{"line":14,"column":27},"end":{"line":14,"column":52}},{"start":{"line":14,"column":56},"end":{"line":14,"column":58}}],"line":14},"2":{"loc":{"start":{"line":18,"column":4},"end":{"line":18,"column":58}},"type":"if","locations":[{"start":{"line":18,"column":4},"end":{"line":18,"column":58}},{"start":{},"end":{}}],"line":18},"3":{"loc":{"start":{"line":19,"column":4},"end":{"line":19,"column":76}},"type":"if","locations":[{"start":{"line":19,"column":4},"end":{"line":19,"column":76}},{"start":{},"end":{}}],"line":19},"4":{"loc":{"start":{"line":20,"column":4},"end":{"line":20,"column":65}},"type":"if","locations":[{"start":{"line":20,"column":4},"end":{"line":20,"column":65}},{"start":{},"end":{}}],"line":20},"5":{"loc":{"start":{"line":21,"column":4},"end":{"line":21,"column":59}},"type":"if","locations":[{"start":{"line":21,"column":4},"end":{"line":21,"column":59}},{"start":{},"end":{}}],"line":21},"6":{"loc":{"start":{"line":22,"column":4},"end":{"line":26,"column":5}},"type":"if","locations":[{"start":{"line":22,"column":4},"end":{"line":26,"column":5}},{"start":{},"end":{}}],"line":22},"7":{"loc":{"start":{"line":22,"column":8},"end":{"line":22,"column":48}},"type":"binary-expr","locations":[{"start":{"line":22,"column":8},"end":{"line":22,"column":27}},{"start":{"line":22,"column":31},"end":{"line":22,"column":48}}],"line":22},"8":{"loc":{"start":{"line":24,"column":6},"end":{"line":24,"column":85}},"type":"if","locations":[{"start":{"line":24,"column":6},"end":{"line":24,"column":85}},{"start":{},"end":{}}],"line":24},"9":{"loc":{"start":{"line":25,"column":6},"end":{"line":25,"column":81}},"type":"if","locations":[{"start":{"line":25,"column":6},"end":{"line":25,"column":81}},{"start":{},"end":{}}],"line":25},"10":{"loc":{"start":{"line":46,"column":4},"end":{"line":46,"column":79}},"type":"if","locations":[{"start":{"line":46,"column":4},"end":{"line":46,"column":79}},{"start":{},"end":{}}],"line":46},"11":{"loc":{"start":{"line":57,"column":4},"end":{"line":57,"column":56}},"type":"if","locations":[{"start":{"line":57,"column":4},"end":{"line":57,"column":56}},{"start":{},"end":{}}],"line":57},"12":{"loc":{"start":{"line":58,"column":4},"end":{"line":58,"column":74}},"type":"if","locations":[{"start":{"line":58,"column":4},"end":{"line":58,"column":74}},{"start":{},"end":{}}],"line":58},"13":{"loc":{"start":{"line":59,"column":4},"end":{"line":59,"column":63}},"type":"if","locations":[{"start":{"line":59,"column":4},"end":{"line":59,"column":63}},{"start":{},"end":{}}],"line":59},"14":{"loc":{"start":{"line":60,"column":4},"end":{"line":60,"column":57}},"type":"if","locations":[{"start":{"line":60,"column":4},"end":{"line":60,"column":57}},{"start":{},"end":{}}],"line":60},"15":{"loc":{"start":{"line":61,"column":4},"end":{"line":65,"column":5}},"type":"if","locations":[{"start":{"line":61,"column":4},"end":{"line":65,"column":5}},{"start":{},"end":{}}],"line":61},"16":{"loc":{"start":{"line":61,"column":8},"end":{"line":61,"column":46}},"type":"binary-expr","locations":[{"start":{"line":61,"column":8},"end":{"line":61,"column":26}},{"start":{"line":61,"column":30},"end":{"line":61,"column":46}}],"line":61},"17":{"loc":{"start":{"line":63,"column":6},"end":{"line":63,"column":83}},"type":"if","locations":[{"start":{"line":63,"column":6},"end":{"line":63,"column":83}},{"start":{},"end":{}}],"line":63},"18":{"loc":{"start":{"line":64,"column":6},"end":{"line":64,"column":79}},"type":"if","locations":[{"start":{"line":64,"column":6},"end":{"line":64,"column":79}},{"start":{},"end":{}}],"line":64},"19":{"loc":{"start":{"line":74,"column":22},"end":{"line":74,"column":58}},"type":"cond-expr","locations":[{"start":{"line":74,"column":39},"end":{"line":74,"column":53}},{"start":{"line":74,"column":56},"end":{"line":74,"column":58}}],"line":74}},"s":{"0":1,"1":1,"2":1,"3":1,"4":1,"5":1,"6":1,"7":0,"8":0,"9":0,"10":0,"11":0,"12":0,"13":0,"14":0,"15":0,"16":0,"17":0,"18":0,"19":0,"20":0,"21":0,"22":0,"23":0,"24":0,"25":0,"26":0,"27":0,"28":0,"29":0,"30":1,"31":0,"32":0,"33":0,"34":0,"35":0,"36":0,"37":0,"38":1,"39":0,"40":0,"41":0,"42":0,"43":0,"44":0,"45":0,"46":0,"47":0,"48":0,"49":0,"50":0,"51":0,"52":0,"53":0,"54":0,"55":0,"56":0,"57":0,"58":0,"59":0,"60":0,"61":0,"62":0,"63":0,"64":0,"65":0,"66":0,"67":0,"68":1},"f":{"0":0,"1":0,"2":0,"3":0,"4":0},"b":{"0":[0,0],"1":[0,0],"2":[0,0],"3":[0,0],"4":[0,0],"5":[0,0],"6":[0,0],"7":[0,0],"8":[0,0],"9":[0,0],"10":[0,0],"11":[0,0],"12":[0,0],"13":[0,0],"14":[0,0],"15":[0,0],"16":[0,0],"17":[0,0],"18":[0,0],"19":[0,0]},"_coverageSchema":"1a1c01bbd47fc00a2c39e90264f33305004495a9","hash":"9c0de5ebe711a230414840a4c7d9ed3c0a1ebe05"}
,"/home/runner/work/jblk66AI-bot-tradingG/jblk66AI-bot-tradingG/backend/src/routes/auth.js": {"path":"/home/runner/work/jblk66AI-bot-tradingG/jblk66AI-bot-tradingG/backend/src/routes/auth.js","statementMap":{"0":{"start":{"line":1,"column":16},"end":{"line":1,"column":34}},"1":{"start":{"line":2,"column":18},"end":{"line":2,"column":47}},"2":{"start":{"line":3,"column":18},"end":{"line":3,"column":38}},"3":{"start":{"line":4,"column":15},"end":{"line":4,"column":32}},"4":{"start":{"line":6,"column":18},"end":{"line":6,"column":48}},"5":{"start":{"line":7,"column":21},"end":{"line":7,"column":54}},"6":{"start":{"line":8,"column":74},"end":{"line":8,"column":97}},"7":{"start":{"line":9,"column":27},"end":{"line":9,"column":52}},"8":{"start":{"line":10,"column":18},"end":{"line":10,"column":52}},"9":{"start":{"line":12,"column":15},"end":{"line":12,"column":31}},"10":{"start":{"line":14,"column":21},"end":{"line":18,"column":2}},"11":{"start":{"line":20,"column":23},"end":{"line":24,"column":2}},"12":{"start":{"line":26,"column":22},"end":{"line":26,"column":69}},"13":{"start":{"line":26,"column":31},"end":{"line":26,"column":69}},"14":{"start":{"line":27,"column":14},"end":{"line":27,"column":74}},"15":{"start":{"line":27,"column":23},"end":{"line":27,"column":74}},"16":{"start":{"line":29,"column":21},"end":{"line":181,"column":1}},"17":{"start":{"line":30,"column":41},"end":{"line":30,"column":49}},"18":{"start":{"line":31,"column":20},"end":{"line":31,"column":30}},"19":{"start":{"line":32,"column":20},"end":{"line":32,"column":38}},"20":{"start":{"line":34,"column":2},"end":{"line":36,"column":3}},"21":{"start":{"line":35,"column":4},"end":{"line":35,"column":81}},"22":{"start":{"line":38,"column":16},"end":{"line":40,"column":3}},"23":{"start":{"line":42,"column":2},"end":{"line":44,"column":3}},"24":{"start":{"line":43,"column":4},"end":{"line":43,"column":69}},"25":{"start":{"line":46,"column":2},"end":{"line":57,"column":3}},"26":{"start":{"line":47,"column":4},"end":{"line":55,"column":7}},"27":{"start":{"line":56,"column":4},"end":{"line":56,"column":69}},"28":{"start":{"line":59,"column":2},"end":{"line":75,"column":3}},"29":{"start":{"line":60,"column":4},"end":{"line":74,"column":5}},"30":{"start":{"line":61,"column":6},"end":{"line":61,"column":37}},"31":{"start":{"line":63,"column":6},"end":{"line":72,"column":9}},"32":{"start":{"line":73,"column":6},"end":{"line":73,"column":93}},"33":{"start":{"line":77,"column":24},"end":{"line":77,"column":61}},"34":{"start":{"line":78,"column":2},"end":{"line":91,"column":3}},"35":{"start":{"line":79,"column":4},"end":{"line":79,"column":39}},"36":{"start":{"line":80,"column":4},"end":{"line":89,"column":7}},"37":{"start":{"line":90,"column":4},"end":{"line":90,"column":69}},"38":{"start":{"line":93,"column":2},"end":{"line":137,"column":3}},"39":{"start":{"line":94,"column":4},"end":{"line":99,"column":5}},"40":{"start":{"line":95,"column":6},"end":{"line":97,"column":7}},"41":{"start":{"line":96,"column":8},"end":{"line":96,"column":74}},"42":{"start":{"line":98,"column":6},"end":{"line":98,"column":59}},"43":{"start":{"line":101,"column":21},"end":{"line":101,"column":26}},"44":{"start":{"line":103,"column":4},"end":{"line":110,"column":5}},"45":{"start":{"line":104,"column":6},"end":{"line":109,"column":9}},"46":{"start":{"line":112,"column":4},"end":{"line":122,"column":5}},"47":{"start":{"line":113,"column":6},"end":{"line":121,"column":7}},"48":{"start":{"line":113,"column":19},"end":{"line":113,"column":20}},"49":{"start":{"line":114,"column":22},"end":{"line":114,"column":75}},"50":{"start":{"line":115,"column":8},"end":{"line":120,"column":9}},"51":{"start":{"line":116,"column":10},"end":{"line":116,"column":41}},"52":{"start":{"line":117,"column":10},"end":{"line":117,"column":29}},"53":{"start":{"line":118,"column":10},"end":{"line":118,"column":28}},"54":{"start":{"line":119,"column":10},"end":{"line":119,"column":16}},"55":{"start":{"line":124,"column":4},"end":{"line":136,"column":5}},"56":{"start":{"line":125,"column":6},"end":{"line":134,"column":9}},"57":{"start":{"line":135,"column":6},"end":{"line":135,"column":68}},"58":{"start":{"line":139,"column":23},"end":{"line":139,"column":78}},"59":{"start":{"line":140,"column":22},"end":{"line":140,"column":55}},"60":{"start":{"line":141,"column":23},"end":{"line":141,"column":57}},"61":{"start":{"line":143,"column":27},"end":{"line":143,"column":73}},"62":{"start":{"line":145,"column":2},"end":{"line":152,"column":5}},"63":{"start":{"line":154,"column":2},"end":{"line":154,"column":31}},"64":{"start":{"line":155,"column":2},"end":{"line":155,"column":32}},"65":{"start":{"line":156,"column":2},"end":{"line":156,"column":36}},"66":{"start":{"line":157,"column":2},"end":{"line":157,"column":33}},"67":{"start":{"line":159,"column":2},"end":{"line":167,"column":5}},"68":{"start":{"line":169,"column":2},"end":{"line":180,"column":5}},"69":{"start":{"line":183,"column":0},"end":{"line":190,"column":3}},"70":{"start":{"line":184,"column":2},"end":{"line":189,"column":3}},"71":{"start":{"line":185,"column":4},"end":{"line":185,"column":40}},"72":{"start":{"line":187,"column":4},"end":{"line":187,"column":47}},"73":{"start":{"line":188,"column":4},"end":{"line":188,"column":64}},"74":{"start":{"line":192,"column":0},"end":{"line":199,"column":3}},"75":{"start":{"line":193,"column":2},"end":{"line":198,"column":3}},"76":{"start":{"line":194,"column":4},"end":{"line":194,"column":39}},"77":{"start":{"line":196,"column":4},"end":{"line":196,"column":52}},"78":{"start":{"line":197,"column":4},"end":{"line":197,"column":64}},"79":{"start":{"line":201,"column":0},"end":{"line":221,"column":3}},"80":{"start":{"line":202,"column":2},"end":{"line":220,"column":3}},"81":{"start":{"line":203,"column":4},"end":{"line":203,"column":79}},"82":{"start":{"line":205,"column":4},"end":{"line":213,"column":7}},"83":{"start":{"line":215,"column":4},"end":{"line":215,"column":34}},"84":{"start":{"line":216,"column":4},"end":{"line":216,"column":73}},"85":{"start":{"line":218,"column":4},"end":{"line":218,"column":48}},"86":{"start":{"line":219,"column":4},"end":{"line":219,"column":64}},"87":{"start":{"line":223,"column":0},"end":{"line":268,"column":3}},"88":{"start":{"line":224,"column":2},"end":{"line":267,"column":3}},"89":{"start":{"line":225,"column":29},"end":{"line":225,"column":37}},"90":{"start":{"line":226,"column":4},"end":{"line":228,"column":5}},"91":{"start":{"line":227,"column":6},"end":{"line":227,"column":77}},"92":{"start":{"line":231,"column":4},"end":{"line":235,"column":5}},"93":{"start":{"line":232,"column":6},"end":{"line":232,"column":49}},"94":{"start":{"line":234,"column":6},"end":{"line":234,"column":84}},"95":{"start":{"line":237,"column":20},"end":{"line":242,"column":6}},"96":{"start":{"line":244,"column":4},"end":{"line":246,"column":5}},"97":{"start":{"line":245,"column":6},"end":{"line":245,"column":80}},"98":{"start":{"line":248,"column":18},"end":{"line":248,"column":54}},"99":{"start":{"line":249,"column":4},"end":{"line":251,"column":5}},"100":{"start":{"line":250,"column":6},"end":{"line":250,"column":79}},"101":{"start":{"line":253,"column":27},"end":{"line":257,"column":6}},"102":{"start":{"line":259,"column":4},"end":{"line":259,"column":35}},"103":{"start":{"line":260,"column":4},"end":{"line":260,"column":40}},"104":{"start":{"line":261,"column":4},"end":{"line":261,"column":25}},"105":{"start":{"line":263,"column":4},"end":{"line":263,"column":59}},"106":{"start":{"line":265,"column":4},"end":{"line":265,"column":49}},"107":{"start":{"line":266,"column":4},"end":{"line":266,"column":64}},"108":{"start":{"line":270,"column":0},"end":{"line":295,"column":3}},"109":{"start":{"line":271,"column":2},"end":{"line":294,"column":3}},"110":{"start":{"line":272,"column":22},"end":{"line":272,"column":30}},"111":{"start":{"line":273,"column":4},"end":{"line":275,"column":5}},"112":{"start":{"line":274,"column":6},"end":{"line":274,"column":69}},"113":{"start":{"line":277,"column":18},"end":{"line":277,"column":73}},"114":{"start":{"line":278,"column":4},"end":{"line":288,"column":5}},"115":{"start":{"line":279,"column":6},"end":{"line":287,"column":9}},"116":{"start":{"line":290,"column":4},"end":{"line":290,"column":107}},"117":{"start":{"line":292,"column":4},"end":{"line":292,"column":56}},"118":{"start":{"line":293,"column":4},"end":{"line":293,"column":64}},"119":{"start":{"line":297,"column":0},"end":{"line":297,"column":24}}},"fnMap":{"0":{"name":"(anonymous_0)","decl":{"start":{"line":26,"column":22},"end":{"line":26,"column":23}},"loc":{"start":{"line":26,"column":31},"end":{"line":26,"column":69}},"line":26},"1":{"name":"(anonymous_1)","decl":{"start":{"line":27,"column":14},"end":{"line":27,"column":15}},"loc":{"start":{"line":27,"column":23},"end":{"line":27,"column":74}},"line":27},"2":{"name":"(anonymous_2)","decl":{"start":{"line":29,"column":21},"end":{"line":29,"column":22}},"loc":{"start":{"line":29,"column":63},"end":{"line":181,"column":1}},"line":29},"3":{"name":"(anonymous_3)","decl":{"start":{"line":183,"column":36},"end":{"line":183,"column":37}},"loc":{"start":{"line":183,"column":56},"end":{"line":190,"column":1}},"line":183},"4":{"name":"(anonymous_4)","decl":{"start":{"line":192,"column":41},"end":{"line":192,"column":42}},"loc":{"start":{"line":192,"column":61},"end":{"line":199,"column":1}},"line":192},"5":{"name":"(anonymous_5)","decl":{"start":{"line":201,"column":34},"end":{"line":201,"column":35}},"loc":{"start":{"line":201,"column":54},"end":{"line":221,"column":1}},"line":201},"6":{"name":"(anonymous_6)","decl":{"start":{"line":223,"column":40},"end":{"line":223,"column":41}},"loc":{"start":{"line":223,"column":60},"end":{"line":268,"column":1}},"line":223},"7":{"name":"(anonymous_7)","decl":{"start":{"line":270,"column":31},"end":{"line":270,"column":32}},"loc":{"start":{"line":270,"column":51},"end":{"line":295,"column":1}},"line":270}},"branchMap":{"0":{"loc":{"start":{"line":26,"column":31},"end":{"line":26,"column":69}},"type":"binary-expr","locations":[{"start":{"line":26,"column":31},"end":{"line":26,"column":56}},{"start":{"line":26,"column":60},"end":{"line":26,"column":69}}],"line":26},"1":{"loc":{"start":{"line":27,"column":23},"end":{"line":27,"column":74}},"type":"binary-expr","locations":[{"start":{"line":27,"column":23},"end":{"line":27,"column":29}},{"start":{"line":27,"column":33},"end":{"line":27,"column":61}},{"start":{"line":27,"column":65},"end":{"line":27,"column":74}}],"line":27},"2":{"loc":{"start":{"line":29,"column":38},"end":{"line":29,"column":58}},"type":"default-arg","locations":[{"start":{"line":29,"column":53},"end":{"line":29,"column":58}}],"line":29},"3":{"loc":{"start":{"line":34,"column":2},"end":{"line":36,"column":3}},"type":"if","locations":[{"start":{"line":34,"column":2},"end":{"line":36,"column":3}},{"start":{},"end":{}}],"line":34},"4":{"loc":{"start":{"line":34,"column":6},"end":{"line":34,"column":25}},"type":"binary-expr","locations":[{"start":{"line":34,"column":6},"end":{"line":34,"column":12}},{"start":{"line":34,"column":16},"end":{"line":34,"column":25}}],"line":34},"5":{"loc":{"start":{"line":42,"column":2},"end":{"line":44,"column":3}},"type":"if","locations":[{"start":{"line":42,"column":2},"end":{"line":44,"column":3}},{"start":{},"end":{}}],"line":42},"6":{"loc":{"start":{"line":46,"column":2},"end":{"line":57,"column":3}},"type":"if","locations":[{"start":{"line":46,"column":2},"end":{"line":57,"column":3}},{"start":{},"end":{}}],"line":46},"7":{"loc":{"start":{"line":59,"column":2},"end":{"line":75,"column":3}},"type":"if","locations":[{"start":{"line":59,"column":2},"end":{"line":75,"column":3}},{"start":{},"end":{}}],"line":59},"8":{"loc":{"start":{"line":60,"column":4},"end":{"line":74,"column":5}},"type":"if","locations":[{"start":{"line":60,"column":4},"end":{"line":74,"column":5}},{"start":{"line":62,"column":11},"end":{"line":74,"column":5}}],"line":60},"9":{"loc":{"start":{"line":60,"column":8},"end":{"line":60,"column":63}},"type":"binary-expr","locations":[{"start":{"line":60,"column":8},"end":{"line":60,"column":27}},{"start":{"line":60,"column":31},"end":{"line":60,"column":63}}],"line":60},"10":{"loc":{"start":{"line":78,"column":2},"end":{"line":91,"column":3}},"type":"if","locations":[{"start":{"line":78,"column":2},"end":{"line":91,"column":3}},{"start":{},"end":{}}],"line":78},"11":{"loc":{"start":{"line":93,"column":2},"end":{"line":137,"column":3}},"type":"if","locations":[{"start":{"line":93,"column":2},"end":{"line":137,"column":3}},{"start":{},"end":{}}],"line":93},"12":{"loc":{"start":{"line":94,"column":4},"end":{"line":99,"column":5}},"type":"if","locations":[{"start":{"line":94,"column":4},"end":{"line":99,"column":5}},{"start":{},"end":{}}],"line":94},"13":{"loc":{"start":{"line":95,"column":6},"end":{"line":97,"column":7}},"type":"if","locations":[{"start":{"line":95,"column":6},"end":{"line":97,"column":7}},{"start":{},"end":{}}],"line":95},"14":{"loc":{"start":{"line":103,"column":4},"end":{"line":110,"column":5}},"type":"if","locations":[{"start":{"line":103,"column":4},"end":{"line":110,"column":5}},{"start":{},"end":{}}],"line":103},"15":{"loc":{"start":{"line":112,"column":4},"end":{"line":122,"column":5}},"type":"if","locations":[{"start":{"line":112,"column":4},"end":{"line":122,"column":5}},{"start":{},"end":{}}],"line":112},"16":{"loc":{"start":{"line":112,"column":8},"end":{"line":112,"column":72}},"type":"binary-expr","locations":[{"start":{"line":112,"column":8},"end":{"line":112,"column":19}},{"start":{"line":112,"column":23},"end":{"line":112,"column":40}},{"start":{"line":112,"column":44},"end":{"line":112,"column":72}}],"line":112},"17":{"loc":{"start":{"line":115,"column":8},"end":{"line":120,"column":9}},"type":"if","locations":[{"start":{"line":115,"column":8},"end":{"line":120,"column":9}},{"start":{},"end":{}}],"line":115},"18":{"loc":{"start":{"line":124,"column":4},"end":{"line":136,"column":5}},"type":"if","locations":[{"start":{"line":124,"column":4},"end":{"line":136,"column":5}},{"start":{},"end":{}}],"line":124},"19":{"loc":{"start":{"line":226,"column":4},"end":{"line":228,"column":5}},"type":"if","locations":[{"start":{"line":226,"column":4},"end":{"line":228,"column":5}},{"start":{},"end":{}}],"line":226},"20":{"loc":{"start":{"line":244,"column":4},"end":{"line":246,"column":5}},"type":"if","locations":[{"start":{"line":244,"column":4},"end":{"line":246,"column":5}},{"start":{},"end":{}}],"line":244},"21":{"loc":{"start":{"line":249,"column":4},"end":{"line":251,"column":5}},"type":"if","locations":[{"start":{"line":249,"column":4},"end":{"line":251,"column":5}},{"start":{},"end":{}}],"line":249},"22":{"loc":{"start":{"line":249,"column":8},"end":{"line":249,"column":33}},"type":"binary-expr","locations":[{"start":{"line":249,"column":8},"end":{"line":249,"column":14}},{"start":{"line":249,"column":18},"end":{"line":249,"column":33}}],"line":249},"23":{"loc":{"start":{"line":273,"column":4},"end":{"line":275,"column":5}},"type":"if","locations":[{"start":{"line":273,"column":4},"end":{"line":275,"column":5}},{"start":{},"end":{}}],"line":273},"24":{"loc":{"start":{"line":278,"column":4},"end":{"line":288,"column":5}},"type":"if","locations":[{"start":{"line":278,"column":4},"end":{"line":288,"column":5}},{"start":{},"end":{}}],"line":278}},"s":{"0":1,"1":1,"2":1,"3":1,"4":1,"5":1,"6":1,"7":1,"8":1,"9":1,"10":1,"11":1,"12":1,"13":7,"14":1,"15":7,"16":1,"17":7,"18":7,"19":7,"20":7,"21":1,"22":6,"23":6,"24":1,"25":5,"26":1,"27":1,"28":4,"29":1,"30":0,"31":1,"32":1,"33":3,"34":3,"35":1,"36":1,"37":1,"38":2,"39":1,"40":1,"41":0,"42":1,"43":0,"44":0,"45":0,"46":0,"47":0,"48":0,"49":0,"50":0,"51":0,"52":0,"53":0,"54":0,"55":0,"56":0,"57":0,"58":1,"59":1,"60":1,"61":1,"62":1,"63":1,"64":1,"65":1,"66":1,"67":1,"68":1,"69":1,"70":7,"71":7,"72":0,"73":0,"74":1,"75":0,"76":0,"77":0,"78":0,"79":1,"80":0,"81":0,"82":0,"83":0,"84":0,"85":0,"86":0,"87":1,"88":3,"89":3,"90":3,"91":1,"92":2,"93":2,"94":1,"95":1,"96":1,"97":0,"98":1,"99":1,"100":0,"101":1,"102":1,"103":1,"104":1,"105":1,"106":0,"107":0,"108":1,"109":0,"110":0,"111":0,"112":0,"113":0,"114":0,"115":0,"116":0,"117":0,"118":0,"119":1},"f":{"0":7,"1":7,"2":7,"3":7,"4":0,"5":0,"6":3,"7":0},"b":{"0":[7,7],"1":[7,0,0],"2":[0],"3":[1,6],"4":[7,7],"5":[1,5],"6":[1,4],"7":[1,3],"8":[0,1],"9":[1,1],"10":[1,2],"11":[1,1],"12":[1,0],"13":[0,1],"14":[0,0],"15":[0,0],"16":[0,0,0],"17":[0,0],"18":[0,0],"19":[1,2],"20":[0,1],"21":[0,1],"22":[1,1],"23":[0,0],"24":[0,0]},"_coverageSchema":"1a1c01bbd47fc00a2c39e90264f33305004495a9","hash":"f3b3ec370d14148142cac198ddc4bf21b6099d94"}
,"/home/runner/work/jblk66AI-bot-tradingG/jblk66AI-bot-tradingG/backend/src/routes/payouts.js": {"path":"/home/runner/work/jblk66AI-bot-tradingG/jblk66AI-bot-tradingG/backend/src/routes/payouts.js","statementMap":{"0":{"start":{"line":1,"column":16},"end":{"line":1,"column":34}},"1":{"start":{"line":2,"column":23},"end":{"line":2,"column":38}},"2":{"start":{"line":4,"column":18},"end":{"line":4,"column":52}},"3":{"start":{"line":5,"column":22},"end":{"line":5,"column":56}},"4":{"start":{"line":6,"column":27},"end":{"line":6,"column":52}},"5":{"start":{"line":8,"column":15},"end":{"line":8,"column":31}},"6":{"start":{"line":10,"column":20},"end":{"line":19,"column":3}},"7":{"start":{"line":10,"column":58},"end":{"line":19,"column":1}},"8":{"start":{"line":21,"column":17},"end":{"line":21,"column":81}},"9":{"start":{"line":22,"column":20},"end":{"line":22,"column":66}},"10":{"start":{"line":24,"column":0},"end":{"line":24,"column":43}},"11":{"start":{"line":26,"column":0},"end":{"line":38,"column":3}},"12":{"start":{"line":27,"column":15},"end":{"line":27,"column":57}},"13":{"start":{"line":28,"column":16},"end":{"line":28,"column":62}},"14":{"start":{"line":29,"column":16},"end":{"line":29,"column":34}},"15":{"start":{"line":31,"column":17},"end":{"line":31,"column":33}},"16":{"start":{"line":32,"column":2},"end":{"line":32,"column":89}},"17":{"start":{"line":32,"column":24},"end":{"line":32,"column":89}},"18":{"start":{"line":32,"column":58},"end":{"line":32,"column":87}},"19":{"start":{"line":33,"column":2},"end":{"line":33,"column":83}},"20":{"start":{"line":33,"column":22},"end":{"line":33,"column":83}},"21":{"start":{"line":33,"column":56},"end":{"line":33,"column":81}},"22":{"start":{"line":34,"column":2},"end":{"line":34,"column":89}},"23":{"start":{"line":34,"column":24},"end":{"line":34,"column":89}},"24":{"start":{"line":34,"column":58},"end":{"line":34,"column":87}},"25":{"start":{"line":36,"column":20},"end":{"line":36,"column":56}},"26":{"start":{"line":37,"column":2},"end":{"line":37,"column":107}},"27":{"start":{"line":40,"column":0},"end":{"line":81,"column":3}},"28":{"start":{"line":41,"column":2},"end":{"line":80,"column":3}},"29":{"start":{"line":42,"column":54},"end":{"line":42,"column":62}},"30":{"start":{"line":43,"column":4},"end":{"line":45,"column":5}},"31":{"start":{"line":44,"column":6},"end":{"line":44,"column":98}},"32":{"start":{"line":46,"column":4},"end":{"line":48,"column":5}},"33":{"start":{"line":47,"column":6},"end":{"line":47,"column":75}},"34":{"start":{"line":50,"column":19},"end":{"line":61,"column":5}},"35":{"start":{"line":62,"column":4},"end":{"line":62,"column":32}},"36":{"start":{"line":64,"column":4},"end":{"line":74,"column":7}},"37":{"start":{"line":76,"column":4},"end":{"line":76,"column":44}},"38":{"start":{"line":78,"column":4},"end":{"line":78,"column":55}},"39":{"start":{"line":79,"column":4},"end":{"line":79,"column":64}},"40":{"start":{"line":83,"column":0},"end":{"line":83,"column":24}}},"fnMap":{"0":{"name":"(anonymous_0)","decl":{"start":{"line":10,"column":47},"end":{"line":10,"column":48}},"loc":{"start":{"line":10,"column":58},"end":{"line":19,"column":1}},"line":10},"1":{"name":"(anonymous_1)","decl":{"start":{"line":26,"column":16},"end":{"line":26,"column":17}},"loc":{"start":{"line":26,"column":30},"end":{"line":38,"column":1}},"line":26},"2":{"name":"(anonymous_2)","decl":{"start":{"line":32,"column":51},"end":{"line":32,"column":52}},"loc":{"start":{"line":32,"column":58},"end":{"line":32,"column":87}},"line":32},"3":{"name":"(anonymous_3)","decl":{"start":{"line":33,"column":49},"end":{"line":33,"column":50}},"loc":{"start":{"line":33,"column":56},"end":{"line":33,"column":81}},"line":33},"4":{"name":"(anonymous_4)","decl":{"start":{"line":34,"column":51},"end":{"line":34,"column":52}},"loc":{"start":{"line":34,"column":58},"end":{"line":34,"column":87}},"line":34},"5":{"name":"(anonymous_5)","decl":{"start":{"line":40,"column":47},"end":{"line":40,"column":48}},"loc":{"start":{"line":40,"column":67},"end":{"line":81,"column":1}},"line":40}},"branchMap":{"0":{"loc":{"start":{"line":15,"column":8},"end":{"line":15,"column":44}},"type":"cond-expr","locations":[{"start":{"line":15,"column":22},"end":{"line":15,"column":30}},{"start":{"line":15,"column":33},"end":{"line":15,"column":44}}],"line":15},"1":{"loc":{"start":{"line":17,"column":10},"end":{"line":17,"column":77}},"type":"cond-expr","locations":[{"start":{"line":17,"column":24},"end":{"line":17,"column":70}},{"start":{"line":17,"column":73},"end":{"line":17,"column":77}}],"line":17},"2":{"loc":{"start":{"line":27,"column":24},"end":{"line":27,"column":53}},"type":"binary-expr","locations":[{"start":{"line":27,"column":24},"end":{"line":27,"column":48}},{"start":{"line":27,"column":52},"end":{"line":27,"column":53}}],"line":27},"3":{"loc":{"start":{"line":28,"column":25},"end":{"line":28,"column":56}},"type":"binary-expr","locations":[{"start":{"line":28,"column":25},"end":{"line":28,"column":50}},{"start":{"line":28,"column":54},"end":{"line":28,"column":56}}],"line":28},"4":{"loc":{"start":{"line":32,"column":2},"end":{"line":32,"column":89}},"type":"if","locations":[{"start":{"line":32,"column":2},"end":{"line":32,"column":89}},{"start":{},"end":{}}],"line":32},"5":{"loc":{"start":{"line":33,"column":2},"end":{"line":33,"column":83}},"type":"if","locations":[{"start":{"line":33,"column":2},"end":{"line":33,"column":83}},{"start":{},"end":{}}],"line":33},"6":{"loc":{"start":{"line":34,"column":2},"end":{"line":34,"column":89}},"type":"if","locations":[{"start":{"line":34,"column":2},"end":{"line":34,"column":89}},{"start":{},"end":{}}],"line":34},"7":{"loc":{"start":{"line":43,"column":4},"end":{"line":45,"column":5}},"type":"if","locations":[{"start":{"line":43,"column":4},"end":{"line":45,"column":5}},{"start":{},"end":{}}],"line":43},"8":{"loc":{"start":{"line":43,"column":8},"end":{"line":43,"column":44}},"type":"binary-expr","locations":[{"start":{"line":43,"column":8},"end":{"line":43,"column":15}},{"start":{"line":43,"column":19},"end":{"line":43,"column":33}},{"start":{"line":43,"column":37},"end":{"line":43,"column":44}}],"line":43},"9":{"loc":{"start":{"line":46,"column":4},"end":{"line":48,"column":5}},"type":"if","locations":[{"start":{"line":46,"column":4},"end":{"line":48,"column":5}},{"start":{},"end":{}}],"line":46},"10":{"loc":{"start":{"line":58,"column":14},"end":{"line":58,"column":26}},"type":"binary-expr","locations":[{"start":{"line":58,"column":14},"end":{"line":58,"column":20}},{"start":{"line":58,"column":24},"end":{"line":58,"column":26}}],"line":58}},"s":{"0":1,"1":1,"2":1,"3":1,"4":1,"5":1,"6":1,"7":40,"8":1,"9":1,"10":1,"11":1,"12":0,"13":0,"14":0,"15":0,"16":0,"17":0,"18":0,"19":0,"20":0,"21":0,"22":0,"23":0,"24":0,"25":0,"26":0,"27":1,"28":0,"29":0,"30":0,"31":0,"32":0,"33":0,"34":0,"35":0,"36":0,"37":0,"38":0,"39":0,"40":1},"f":{"0":40,"1":0,"2":0,"3":0,"4":0,"5":0},"b":{"0":[10,30],"1":[30,10],"2":[0,0],"3":[0,0],"4":[0,0],"5":[0,0],"6":[0,0],"7":[0,0],"8":[0,0,0],"9":[0,0],"10":[0,0]},"_coverageSchema":"1a1c01bbd47fc00a2c39e90264f33305004495a9","hash":"67accf92f9ff0e2427011d840261c89f8967c2dc"}
,"/home/runner/work/jblk66AI-bot-tradingG/jblk66AI-bot-tradingG/backend/src/routes/pools.js": {"path":"/home/runner/work/jblk66AI-bot-tradingG/jblk66AI-bot-tradingG/backend/src/routes/pools.js","statementMap":{"0":{"start":{"line":1,"column":16},"end":{"line":1,"column":34}},"1":{"start":{"line":2,"column":23},"end":{"line":2,"column":38}},"2":{"start":{"line":4,"column":18},"end":{"line":4,"column":52}},"3":{"start":{"line":5,"column":22},"end":{"line":5,"column":56}},"4":{"start":{"line":6,"column":27},"end":{"line":6,"column":52}},"5":{"start":{"line":8,"column":15},"end":{"line":8,"column":31}},"6":{"start":{"line":10,"column":18},"end":{"line":14,"column":1}},"7":{"start":{"line":16,"column":0},"end":{"line":16,"column":65}},"8":{"start":{"line":18,"column":0},"end":{"line":24,"column":3}},"9":{"start":{"line":19,"column":15},"end":{"line":19,"column":57}},"10":{"start":{"line":20,"column":16},"end":{"line":20,"column":62}},"11":{"start":{"line":21,"column":16},"end":{"line":21,"column":34}},"12":{"start":{"line":22,"column":20},"end":{"line":22,"column":57}},"13":{"start":{"line":23,"column":2},"end":{"line":23,"column":106}},"14":{"start":{"line":26,"column":0},"end":{"line":53,"column":3}},"15":{"start":{"line":27,"column":2},"end":{"line":52,"column":3}},"16":{"start":{"line":28,"column":75},"end":{"line":28,"column":83}},"17":{"start":{"line":29,"column":4},"end":{"line":31,"column":5}},"18":{"start":{"line":30,"column":6},"end":{"line":30,"column":81}},"19":{"start":{"line":33,"column":17},"end":{"line":33,"column":186}},"20":{"start":{"line":34,"column":4},"end":{"line":34,"column":25}},"21":{"start":{"line":36,"column":4},"end":{"line":46,"column":7}},"22":{"start":{"line":48,"column":4},"end":{"line":48,"column":42}},"23":{"start":{"line":50,"column":4},"end":{"line":50,"column":53}},"24":{"start":{"line":51,"column":4},"end":{"line":51,"column":64}},"25":{"start":{"line":55,"column":0},"end":{"line":82,"column":3}},"26":{"start":{"line":56,"column":2},"end":{"line":81,"column":3}},"27":{"start":{"line":57,"column":16},"end":{"line":57,"column":66}},"28":{"start":{"line":57,"column":43},"end":{"line":57,"column":65}},"29":{"start":{"line":58,"column":4},"end":{"line":58,"column":80}},"30":{"start":{"line":58,"column":20},"end":{"line":58,"column":80}},"31":{"start":{"line":60,"column":21},"end":{"line":60,"column":42}},"32":{"start":{"line":61,"column":20},"end":{"line":61,"column":104}},"33":{"start":{"line":62,"column":4},"end":{"line":62,"column":96}},"34":{"start":{"line":62,"column":29},"end":{"line":62,"column":92}},"35":{"start":{"line":62,"column":60},"end":{"line":62,"column":92}},"36":{"start":{"line":64,"column":4},"end":{"line":75,"column":7}},"37":{"start":{"line":77,"column":4},"end":{"line":77,"column":58}},"38":{"start":{"line":79,"column":4},"end":{"line":79,"column":53}},"39":{"start":{"line":80,"column":4},"end":{"line":80,"column":64}},"40":{"start":{"line":84,"column":0},"end":{"line":107,"column":3}},"41":{"start":{"line":85,"column":2},"end":{"line":106,"column":3}},"42":{"start":{"line":86,"column":16},"end":{"line":86,"column":66}},"43":{"start":{"line":86,"column":43},"end":{"line":86,"column":65}},"44":{"start":{"line":87,"column":4},"end":{"line":87,"column":80}},"45":{"start":{"line":87,"column":20},"end":{"line":87,"column":80}},"46":{"start":{"line":89,"column":4},"end":{"line":89,"column":36}},"47":{"start":{"line":91,"column":4},"end":{"line":100,"column":7}},"48":{"start":{"line":102,"column":4},"end":{"line":102,"column":76}},"49":{"start":{"line":104,"column":4},"end":{"line":104,"column":53}},"50":{"start":{"line":105,"column":4},"end":{"line":105,"column":64}},"51":{"start":{"line":109,"column":0},"end":{"line":109,"column":24}}},"fnMap":{"0":{"name":"(anonymous_0)","decl":{"start":{"line":18,"column":16},"end":{"line":18,"column":17}},"loc":{"start":{"line":18,"column":30},"end":{"line":24,"column":1}},"line":18},"1":{"name":"(anonymous_1)","decl":{"start":{"line":26,"column":17},"end":{"line":26,"column":18}},"loc":{"start":{"line":26,"column":37},"end":{"line":53,"column":1}},"line":26},"2":{"name":"(anonymous_2)","decl":{"start":{"line":55,"column":19},"end":{"line":55,"column":20}},"loc":{"start":{"line":55,"column":39},"end":{"line":82,"column":1}},"line":55},"3":{"name":"(anonymous_3)","decl":{"start":{"line":57,"column":36},"end":{"line":57,"column":37}},"loc":{"start":{"line":57,"column":43},"end":{"line":57,"column":65}},"line":57},"4":{"name":"(anonymous_4)","decl":{"start":{"line":62,"column":20},"end":{"line":62,"column":21}},"loc":{"start":{"line":62,"column":27},"end":{"line":62,"column":94}},"line":62},"5":{"name":"(anonymous_5)","decl":{"start":{"line":84,"column":49},"end":{"line":84,"column":50}},"loc":{"start":{"line":84,"column":69},"end":{"line":107,"column":1}},"line":84},"6":{"name":"(anonymous_6)","decl":{"start":{"line":86,"column":36},"end":{"line":86,"column":37}},"loc":{"start":{"line":86,"column":43},"end":{"line":86,"column":65}},"line":86}},"branchMap":{"0":{"loc":{"start":{"line":19,"column":24},"end":{"line":19,"column":53}},"type":"binary-expr","locations":[{"start":{"line":19,"column":24},"end":{"line":19,"column":48}},{"start":{"line":19,"column":52},"end":{"line":19,"column":53}}],"line":19},"1":{"loc":{"start":{"line":20,"column":25},"end":{"line":20,"column":56}},"type":"binary-expr","locations":[{"start":{"line":20,"column":25},"end":{"line":20,"column":50}},{"start":{"line":20,"column":54},"end":{"line":20,"column":56}}],"line":20},"2":{"loc":{"start":{"line":29,"column":4},"end":{"line":31,"column":5}},"type":"if","locations":[{"start":{"line":29,"column":4},"end":{"line":31,"column":5}},{"start":{},"end":{}}],"line":29},"3":{"loc":{"start":{"line":29,"column":8},"end":{"line":29,"column":32}},"type":"binary-expr","locations":[{"start":{"line":29,"column":8},"end":{"line":29,"column":13}},{"start":{"line":29,"column":17},"end":{"line":29,"column":32}}],"line":29},"4":{"loc":{"start":{"line":33,"column":60},"end":{"line":33,"column":75}},"type":"binary-expr","locations":[{"start":{"line":33,"column":60},"end":{"line":33,"column":70}},{"start":{"line":33,"column":74},"end":{"line":33,"column":75}}],"line":33},"5":{"loc":{"start":{"line":33,"column":87},"end":{"line":33,"column":100}},"type":"binary-expr","locations":[{"start":{"line":33,"column":87},"end":{"line":33,"column":95}},{"start":{"line":33,"column":99},"end":{"line":33,"column":100}}],"line":33},"6":{"loc":{"start":{"line":33,"column":112},"end":{"line":33,"column":128}},"type":"binary-expr","locations":[{"start":{"line":33,"column":112},"end":{"line":33,"column":120}},{"start":{"line":33,"column":124},"end":{"line":33,"column":128}}],"line":33},"7":{"loc":{"start":{"line":33,"column":143},"end":{"line":33,"column":160}},"type":"binary-expr","locations":[{"start":{"line":33,"column":143},"end":{"line":33,"column":154}},{"start":{"line":33,"column":158},"end":{"line":33,"column":160}}],"line":33},"8":{"loc":{"start":{"line":58,"column":4},"end":{"line":58,"column":80}},"type":"if","locations":[{"start":{"line":58,"column":4},"end":{"line":58,"column":80}},{"start":{},"end":{}}],"line":58},"9":{"loc":{"start":{"line":62,"column":29},"end":{"line":62,"column":92}},"type":"if","locations":[{"start":{"line":62,"column":29},"end":{"line":62,"column":92}},{"start":{},"end":{}}],"line":62},"10":{"loc":{"start":{"line":87,"column":4},"end":{"line":87,"column":80}},"type":"if","locations":[{"start":{"line":87,"column":4},"end":{"line":87,"column":80}},{"start":{},"end":{}}],"line":87}},"s":{"0":1,"1":1,"2":1,"3":1,"4":1,"5":1,"6":1,"7":1,"8":1,"9":0,"10":0,"11":0,"12":0,"13":0,"14":1,"15":0,"16":0,"17":0,"18":0,"19":0,"20":0,"21":0,"22":0,"23":0,"24":0,"25":1,"26":0,"27":0,"28":0,"29":0,"30":0,"31":0,"32":0,"33":0,"34":0,"35":0,"36":0,"37":0,"38":0,"39":0,"40":1,"41":0,"42":0,"43":0,"44":0,"45":0,"46":0,"47":0,"48":0,"49":0,"50":0,"51":1},"f":{"0":0,"1":0,"2":0,"3":0,"4":0,"5":0,"6":0},"b":{"0":[0,0],"1":[0,0],"2":[0,0],"3":[0,0],"4":[0,0],"5":[0,0],"6":[0,0],"7":[0,0],"8":[0,0],"9":[0,0],"10":[0,0]},"_coverageSchema":"1a1c01bbd47fc00a2c39e90264f33305004495a9","hash":"74d2b8b7ee82752847339d0efcfc48679b232b88"}
,"/home/runner/work/jblk66AI-bot-tradingG/jblk66AI-bot-tradingG/backend/src/routes/profile.js": {"path":"/home/runner/work/jblk66AI-bot-tradingG/jblk66AI-bot-tradingG/backend/src/routes/profile.js","statementMap":{"0":{"start":{"line":1,"column":16},"end":{"line":1,"column":34}},"1":{"start":{"line":2,"column":15},"end":{"line":2,"column":32}},"2":{"start":{"line":3,"column":18},"end":{"line":3,"column":38}},"3":{"start":{"line":4,"column":15},"end":{"line":4,"column":32}},"4":{"start":{"line":6,"column":18},"end":{"line":6,"column":48}},"5":{"start":{"line":7,"column":18},"end":{"line":7,"column":52}},"6":{"start":{"line":8,"column":27},"end":{"line":8,"column":52}},"7":{"start":{"line":10,"column":15},"end":{"line":10,"column":31}},"8":{"start":{"line":12,"column":20},"end":{"line":12,"column":22}},"9":{"start":{"line":13,"column":26},"end":{"line":13,"column":28}},"10":{"start":{"line":15,"column":0},"end":{"line":15,"column":22}},"11":{"start":{"line":17,"column":0},"end":{"line":20,"column":3}},"12":{"start":{"line":18,"column":16},"end":{"line":18,"column":34}},"13":{"start":{"line":19,"column":2},"end":{"line":19,"column":41}},"14":{"start":{"line":22,"column":0},"end":{"line":49,"column":3}},"15":{"start":{"line":23,"column":2},"end":{"line":48,"column":3}},"16":{"start":{"line":24,"column":49},"end":{"line":24,"column":57}},"17":{"start":{"line":25,"column":18},"end":{"line":25,"column":27}},"18":{"start":{"line":27,"column":4},"end":{"line":27,"column":47}},"19":{"start":{"line":27,"column":19},"end":{"line":27,"column":47}},"20":{"start":{"line":28,"column":4},"end":{"line":28,"column":44}},"21":{"start":{"line":28,"column":18},"end":{"line":28,"column":44}},"22":{"start":{"line":29,"column":4},"end":{"line":29,"column":67}},"23":{"start":{"line":29,"column":35},"end":{"line":29,"column":67}},"24":{"start":{"line":31,"column":4},"end":{"line":31,"column":23}},"25":{"start":{"line":33,"column":4},"end":{"line":42,"column":7}},"26":{"start":{"line":44,"column":4},"end":{"line":44,"column":59}},"27":{"start":{"line":46,"column":4},"end":{"line":46,"column":56}},"28":{"start":{"line":47,"column":4},"end":{"line":47,"column":64}},"29":{"start":{"line":51,"column":0},"end":{"line":86,"column":3}},"30":{"start":{"line":52,"column":2},"end":{"line":85,"column":3}},"31":{"start":{"line":53,"column":41},"end":{"line":53,"column":49}},"32":{"start":{"line":54,"column":4},"end":{"line":56,"column":5}},"33":{"start":{"line":55,"column":6},"end":{"line":55,"column":92}},"34":{"start":{"line":57,"column":4},"end":{"line":59,"column":5}},"35":{"start":{"line":58,"column":6},"end":{"line":58,"column":94}},"36":{"start":{"line":61,"column":18},"end":{"line":61,"column":77}},"37":{"start":{"line":62,"column":18},"end":{"line":62,"column":58}},"38":{"start":{"line":63,"col
[...]
,"column":34}},"86":{"start":{"line":172,"column":4},"end":{"line":172,"column":27}},"87":{"start":{"line":173,"column":4},"end":{"line":173,"column":23}},"88":{"start":{"line":175,"column":4},"end":{"line":183,"column":7}},"89":{"start":{"line":185,"column":4},"end":{"line":185,"column":75}},"90":{"start":{"line":187,"column":4},"end":{"line":187,"column":53}},"91":{"start":{"line":188,"column":4},"end":{"line":188,"column":64}},"92":{"start":{"line":192,"column":0},"end":{"line":223,"column":3}},"93":{"start":{"line":193,"column":2},"end":{"line":222,"column":3}},"94":{"start":{"line":194,"column":18},"end":{"line":194,"column":80}},"95":{"start":{"line":196,"column":23},"end":{"line":198,"column":5}},"96":{"start":{"line":197,"column":6},"end":{"line":197,"column":57}},"97":{"start":{"line":200,"column":24},"end":{"line":200,"column":99}},"98":{"start":{"line":200,"column":67},"end":{"line":200,"column":97}},"99":{"start":{"line":202,"column":4},"end":{"line":202,"column":36}},"100":{"start":{"line":203,"column":4},"end":{"line":203,"column":23}},"101":{"start":{"line":205,"column":4},"end":{"line":213,"column":7}},"102":{"start":{"line":215,"column":4},"end":{"line":218,"column":7}},"103":{"start":{"line":220,"column":4},"end":{"line":220,"column":54}},"104":{"start":{"line":221,"column":4},"end":{"line":221,"column":64}},"105":{"start":{"line":225,"column":0},"end":{"line":225,"column":24}}},"fnMap":{"0":{"name":"(anonymous_0)","decl":{"start":{"line":17,"column":16},"end":{"line":17,"column":17}},"loc":{"start":{"line":17,"column":30},"end":{"line":20,"column":1}},"line":17},"1":{"name":"(anonymous_1)","decl":{"start":{"line":22,"column":16},"end":{"line":22,"column":17}},"loc":{"start":{"line":22,"column":36},"end":{"line":49,"column":1}},"line":22},"2":{"name":"(anonymous_2)","decl":{"start":{"line":51,"column":25},"end":{"line":51,"column":26}},"loc":{"start":{"line":51,"column":45},"end":{"line":86,"column":1}},"line":51},"3":{"name":"(anonymous_3)","decl":{"start":{"line":88,"column":27},"end":{"line":88,"column":28}},"loc":{"start":{"line":88,"column":47},"end":{"line":120,"column":1}},"line":88},"4":{"name":"(anonymous_4)","decl":{"start":{"line":122,"column":27},"end":{"line":122,"column":28}},"loc":{"start":{"line":122,"column":47},"end":{"line":159,"column":1}},"line":122},"5":{"name":"(anonymous_5)","decl":{"start":{"line":161,"column":28},"end":{"line":161,"column":29}},"loc":{"start":{"line":161,"column":48},"end":{"line":190,"column":1}},"line":161},"6":{"name":"(anonymous_6)","decl":{"start":{"line":192,"column":33},"end":{"line":192,"column":34}},"loc":{"start":{"line":192,"column":53},"end":{"line":223,"column":1}},"line":192},"7":{"name":"(anonymous_7)","decl":{"start":{"line":196,"column":65},"end":{"line":196,"column":66}},"loc":{"start":{"line":197,"column":6},"end":{"line":197,"column":57}},"line":197},"8":{"name":"(anonymous_8)","decl":{"start":{"line":200,"column":57},"end":{"line":200,"column":58}},"loc":{"start":{"line":200,"column":67},"end":{"line":200,"column":97}},"line":200}},"branchMap":{"0":{"loc":{"start":{"line":27,"column":4},"end":{"line":27,"column":47}},"type":"if","locations":[{"start":{"line":27,"column":4},"end":{"line":27,"column":47}},{"start":{},"end":{}}],"line":27},"1":{"loc":{"start":{"line":28,"column":4},"end":{"line":28,"column":44}},"type":"if","locations":[{"start":{"line":28,"column":4},"end":{"line":28,"column":44}},{"start":{},"end":{}}],"line":28},"2":{"loc":{"start":{"line":29,"column":4},"end":{"line":29,"column":67}},"type":"if","locations":[{"start":{"line":29,"column":4},"end":{"line":29,"column":67}},{"start":{},"end":{}}],"line":29},"3":{"loc":{"start":{"line":54,"column":4},"end":{"line":56,"column":5}},"type":"if","locations":[{"start":{"line":54,"column":4},"end":{"line":56,"column":5}},{"start":{},"end":{}}],"line":54},"4":{"loc":{"start":{"line":54,"column":8},"end":{"line":54,"column":36}},"type":"binary-expr","locations":[{"start":{"line":54,"column":8},"end":{"line":54,"column":20}},{"start":{"line":54,"column":24},"end":{"line":54,"column":36}}],"line":54},"5":{"loc":{"start":{"line":57,"column":4},"end":{"line":59,"column":5}},"type":"if","locations":[{"start":{"line":57,"column":4},"end":{"line":59,"column":5}},{"start":{},"end":{}}],"line":57},"6":{"loc":{"start":{"line":63,"column":4},"end":{"line":65,"column":5}},"type":"if","locations":[{"start":{"line":63,"column":4},"end":{"line":65,"column":5}},{"start":{},"end":{}}],"line":63},"7":{"loc":{"start":{"line":125,"column":4},"end":{"line":125,"column":84}},"type":"if","locations":[{"start":{"line":125,"column":4},"end":{"line":125,"column":84}},{"start":{},"end":{}}],"line":125},"8":{"loc":{"start":{"line":128,"column":4},"end":{"line":130,"column":5}},"type":"if","locations":[{"start":{"line":128,"column":4},"end":{"line":130,"column":5}},{"start":{},"end":{}}],"line":128},"9":{"loc":{"start":{"line":139,"column":4},"end":{"line":139,"column":80}},"type":"if","locations":[{"start":{"line":139,"column":4},"end":{"line":139,"column":80}},{"start":{},"end":{}}],"line":139},"10":{"loc":{"start":{"line":164,"column":4},"end":{"line":164,"column":85}},"type":"if","locations":[{"start":{"line":164,"column":4},"end":{"line":164,"column":85}},{"start":{},"end":{}}],"line":164},"11":{"loc":{"start":{"line":168,"column":4},"end":{"line":168,"column":80}},"type":"if","locations":[{"start":{"line":168,"column":4},"end":{"line":168,"column":80}},{"start":{},"end":{}}],"line":168}},"s":{"0":1,"1":1,"2":1,"3":1,"4":1,"5":1,"6":1,"7":1,"8":1,"9":1,"10":1,"11":1,"12":0,"13":0,"14":1,"15":0,"16":0,"17":0,"18":0,"19":0,"20":0,"21":0,"22":0,"23":0,"24":0,"25":0,"26":0,"27":0,"28":0,"29":1,"30":0,"31":0,"32":0,"33":0,"34":0,"35":0,"36":0,"37":0,"38":0,"39":0,"40":0,"41":0,"42":0,"43":0,"44":0,"45":0,"46":0,"47":1,"48":0,"49":0,"50":0,"51":0,"52":0,"53":0,"54":0,"55":0,"56":0,"57":0,"58":1,"59":0,"60":0,"61":0,"62":0,"63":0,"64":0,"65":0,"66":0,"67":0,"68":0,"69":0,"70":0,"71":0,"72":0,"73":0,"74":0,"75":1,"76":0,"77":0,"78":0,"79":0,"80":0,"81":0,"82":0,"83":0,"84":0,"85":0,"86":0,"87":0,"88":0,"89":0,"90":0,"91":0,"92":1,"93":0,"94":0,"95":0,"96":0,"97":0,"98":0,"99":0,"100":0,"101":0,"102":0,"103":0,"104":0,"105":1},"f":{"0":0,"1":0,"2":0,"3":0,"4":0,"5":0,"6":0,"7":0,"8":0},"b":{"0":[0,0],"1":[0,0],"2":[0,0],"3":[0,0],"4":[0,0],"5":[0,0],"6":[0,0],"7":[0,0],"8":[0,0],"9":[0,0],"10":[0,0],"11":[0,0]},"_coverageSchema":"1a1c01bbd47fc00a2c39e90264f33305004495a9","hash":"33413b61fece906669ba213b0dc35b36cb913021"}
,"/home/runner/work/jblk66AI-bot-tradingG/jblk66AI-bot-tradingG/backend/src/routes/security.js": {"path":"/home/runner/work/jblk66AI-bot-tradingG/jblk66AI-bot-tradingG/backend/src/routes/security.js","statementMap":{"0":{"start":{"line":1,"column":16},"end":{"line":1,"column":34}},"1":{"start":{"line":3,"column":21},"end":{"line":3,"column":54}},"2":{"start":{"line":4,"column":18},"end":{"line":4,"column":52}},"3":{"start":{"line":5,"column":22},"end":{"line":5,"column":56}},"4":{"start":{"line":6,"column":27},"end":{"line":6,"column":52}},"5":{"start":{"line":8,"column":15},"end":{"line":8,"column":31}},"6":{"start":{"line":10,"column":23},"end":{"line":22,"column":1}},"7":{"start":{"line":24,"column":0},"end":{"line":26,"column":3}},"8":{"start":{"line":25,"column":2},"end":{"line":25,"column":62}},"9":{"start":{"line":28,"column":0},"end":{"line":68,"column":3}},"10":{"start":{"line":29,"column":2},"end":{"line":67,"column":3}},"11":{"start":{"line":30,"column":20},"end":{"line":42,"column":5}},"12":{"start":{"line":44,"column":21},"end":{"line":44,"column":44}},"13":{"start":{"line":45,"column":4},"end":{"line":49,"column":7}},"14":{"start":{"line":46,"column":6},"end":{"line":48,"column":7}},"15":{"start":{"line":47,"column":8},"end":{"line":47,"column":46}},"16":{"start":{"line":51,"column":4},"end":{"line":61,"column":7}},"17":{"start":{"line":63,"column":4},"end":{"line":63,"column":64}},"18":{"start":{"line":65,"column":4},"end":{"line":65,"column":57}},"19":{"start":{"line":66,"column":4},"end":{"line":66,"column":64}},"20":{"start":{"line":70,"column":0},"end":{"line":83,"column":3}},"21":{"start":{"line":71,"column":2},"end":{"line":82,"column":3}},"22":{"start":{"line":72,"column":21},"end":{"line":76,"column":35}},"23":{"start":{"line":78,"column":4},"end":{"line":78,"column":46}},"24":{"start":{"line":80,"column":4},"end":{"line":80,"column":54}},"25":{"start":{"line":81,"column":4},"end":{"line":81,"column":64}},"26":{"start":{"line":85,"column":0},"end":{"line":113,"column":3}},"27":{"start":{"line":86,"column":2},"end":{"line":112,"column":3}},"28":{"start":{"line":87,"column":20},"end":{"line":90,"column":6}},"29":{"start":{"line":92,"column":4},"end":{"line":92,"column":81}},"30":{"start":{"line":92,"column":18},"end":{"line":92,"column":81}},"31":{"start":{"line":94,"column":4},"end":{"line":94,"column":29}},"32":{"start":{"line":95,"column":4},"end":{"line":95,"column":25}},"33":{"start":{"line":97,"column":4},"end":{"line":106,"column":7}},"34":{"start":{"line":108,"column":4},"end":{"line":108,"column":78}},"35":{"start":{"line":110,"column":4},"end":{"line":110,"column":56}},"36":{"start":{"line":111,"column":4},"end":{"line":111,"column":64}},"37":{"start":{"line":115,"column":0},"end":{"line":115,"column":24}}},"fnMap":{"0":{"name":"(anonymous_0)","decl":{"start":{"line":24,"column":62},"end":{"line":24,"column":63}},"loc":{"start":{"line":24,"column":76},"end":{"line":26,"column":1}},"line":24},"1":{"name":"(anonymous_1)","decl":{"start":{"line":28,"column":62},"end":{"line":28,"column":63}},"loc":{"start":{"line":28,"column":82},"end":{"line":68,"column":1}},"line":28},"2":{"name":"(anonymous_2)","decl":{"start":{"line":45,"column":20},"end":{"line":45,"column":21}},"loc":{"start":{"line":45,"column":29},"end":{"line":49,"column":5}},"line":45},"3":{"name":"(anonymous_3)","decl":{"start":{"line":70,"column":35},"end":{"line":70,"column":36}},"loc":{"start":{"line":70,"column":55},"end":{"line":83,"column":1}},"line":70},"4":{"name":"(anonymous_4)","decl":{"start":{"line":85,"column":42},"end":{"line":85,"column":43}},"loc":{"start":{"line":85,"column":62},"end":{"line":113,"column":1}},"line":85}},"branchMap":{"0":{"loc":{"start":{"line":46,"column":6},"end":{"line":48,"column":7}},"type":"if","locations":[{"start":{"line":46,"column":6},"end":{"line":48,"column":7}},{"start":{},"end":{}}],"line":46},"1":{"loc":{"start":{"line":92,"column":4},"end":{"line":92,"column":81}},"type":"if","locations":[{"start":{"line":92,"column":4},"end":{"line":92,"column":81}},{"start":{},"end":{}}],"line":92}},"s":{"0":1,"1":1,"2":1,"3":1,"4":1,"5":1,"6":1,"7":1,"8":0,"9":1,"10":0,"11":0,"12":0,"13":0,"14":0,"15":0,"16":0,"17":0,"18":0,"19":0,"20":1,"21":0,"22":0,"23":0,"24":0,"25":0,"26":1,"27":0,"28":0,"29":0,"30":0,"31":0,"32":0,"33":0,"34":0,"35":0,"36":0,"37":1},"f":{"0":0,"1":0,"2":0,"3":0,"4":0},"b":{"0":[0,0],"1":[0,0]},"_coverageSchema":"1a1c01bbd47fc00a2c39e90264f33305004495a9","hash":"91bcc5156faac10cbab86aa1f927ac737f7341d8"}
,"/home/runner/work/jblk66AI-bot-tradingG/jblk66AI-bot-tradingG/backend/src/routes/stakers.js": {"path":"/home/runner/work/jblk66AI-bot-tradingG/jblk66AI-bot-tradingG/backend/src/routes/stakers.js","statementMap":{"0":{"start":{"line":1,"column":16},"end":{"line":1,"column":34}},"1":{"start":{"line":2,"column":23},"end":{"line":2,"column":38}},"2":{"start":{"line":4,"column":18},"end":{"line":4,"column":52}},"3":{"start":{"line":5,"column":22},"end":{"line":5,"column":56}},"4":{"start":{"line":7,"column":15},"end":{"line":7,"column":31}},"5":{"start":{"line":9,"column":20},"end":{"line":20,"column":3}},"6":{"start":{"line":9,"column":58},"end":{"line":20,"column":1}},"7":{"start":{"line":22,"column":0},"end":{"line":22,"column":65}},"8":{"start":{"line":24,"column":0},"end":{"line":38,"column":3}},"9":{"start":{"line":25,"column":15},"end":{"line":25,"column":57}},"10":{"start":{"line":26,"column":16},"end":{"line":26,"column":62}},"11":{"start":{"line":27,"column":16},"end":{"line":27,"column":34}},"12":{"start":{"line":29,"column":17},"end":{"line":29,"column":33}},"13":{"start":{"line":30,"column":2},"end":{"line":30,"column":89}},"14":{"start":{"line":30,"column":24},"end":{"line":30,"column":89}},"15":{"start":{"line":30,"column":58},"end":{"line":30,"column":87}},"16":{"start":{"line":31,"column":2},"end":{"line":34,"column":3}},"17":{"start":{"line":32,"column":14},"end":{"line":32,"column":44}},"18":{"start":{"line":33,"column":4},"end":{"line":33,"column":111}},"19":{"start":{"line":33,"column":38},"end":{"line":33,"column":109}},"20":{"start":{"line":36,"column":20},"end":{"line":36,"column":56}},"21":{"start":{"line":37,"column":2},"end":{"line":37,"column":107}},"22":{"start":{"line":40,"column":0},"end":{"line":54,"column":3}},"23":{"start":{"line":41,"column":17},"end":{"line":41,"column":64}},"24":{"start":{"line":41,"column":41},"end":{"line":41,"column":63}},"25":{"start":{"line":42,"column":2},"end":{"line":42,"column":77}},"26":{"start":{"line":42,"column":15},"end":{"line":42,"column":77}},"27":{"start":{"line":44,"column":17},"end":{"line":51,"column":5}},"28":{"start":{"line":44,"column":72},"end":{"line":51,"column":3}},"29":{"start":{"line":53,"column":2},"end":{"line":53,"column":65}},"30":{"start":{"line":56,"column":0},"end":{"line":56,"column":24}}},"fnMap":{"0":{"name":"(anonymous_0)","decl":{"start":{"line":9,"column":47},"end":{"line":9,"column":48}},"loc":{"start":{"line":9,"column":58},"end":{"line":20,"column":1}},"line":9},"1":{"name":"(anonymous_1)","decl":{"start":{"line":24,"column":16},"end":{"line":24,"column":17}},"loc":{"start":{"line":24,"column":30},"end":{"line":38,"column":1}},"line":24},"2":{"name":"(anonymous_2)","decl":{"start":{"line":30,"column":51},"end":{"line":30,"column":52}},"loc":{"start":{"line":30,"column":58},"end":{"line":30,"column":87}},"line":30},"3":{"name":"(anonymous_3)","decl":{"start":{"line":33,"column":31},"end":{"line":33,"column":32}},"loc":{"start":{"line":33,"column":38},"end":{"line":33,"column":109}},"line":33},"4":{"name":"(anonymous_4)","decl":{"start":{"line":40,"column":19},"end":{"line":40,"column":20}},"loc":{"start":{"line":40,"column":33},"end":{"line":54,"column":1}},"line":40},"5":{"name":"(anonymous_5)","decl":{"start":{"line":41,"column":34},"end":{"line":41,"column":35}},"loc":{"start":{"line":41,"column":41},"end":{"line":41,"column":63}},"line":41},"6":{"name":"(anonymous_6)","decl":{"start":{"line":44,"column":61},"end":{"line":44,"column":62}},"loc":{"start":{"line":44,"column":72},"end":{"line":51,"column":3}},"line":44}},"branchMap":{"0":{"loc":{"start":{"line":19,"column":10},"end":{"line":19,"column":54}},"type":"cond-expr","locations":[{"start":{"line":19,"column":32},"end":{"line":19,"column":40}},{"start":{"line":19,"column":43},"end":{"line":19,"column":54}}],"line":19},"1":{"loc":{"start":{"line":25,"column":24},"end":{"line":25,"column":53}},"type":"binary-expr","locations":[{"start":{"line":25,"column":24},"end":{"line":25,"column":48}},{"start":{"line":25,"column":52},"end":{"line":25,"column":53}}],"line":25},"2":{"loc":{"start":{"line":26,"column":25},"end":{"line":26,"column":56}},"type":"binary-expr","locations":[{"start":{"line":26,"column":25},"end":{"line":26,"column":50}},{"start":{"line":26,"column":54},"end":{"line":26,"column":56}}],"line":26},"3":{"loc":{"start":{"line":30,"column":2},"end":{"line":30,"column":89}},"type":"if","locations":[{"start":{"line":30,"column":2},"end":{"line":30,"column":89}},{"start":{},"end":{}}],"line":30},"4":{"loc":{"start":{"line":31,"column":2},"end":{"line":34,"column":3}},"type":"if","locations":[{"start":{"line":31,"column":2},"end":{"line":34,"column":3}},{"start":{},"end":{}}],"line":31},"5":{"loc":{"start":{"line":33,"column":38},"end":{"line":33,"column":109}},"type":"binary-expr","locations":[{"start":{"line":33,"column":38},"end":{"line":33,"column":71}},{"start":{"line":33,"column":75},"end":{"line":33,"column":109}}],"line":33},"6":{"loc":{"start":{"line":42,"column":2},"end":{"line":42,"column":77}},"type":"if","locations":[{"start":{"line":42,"column":2},"end":{"line":42,"column":77}},{"start":{},"end":{}}],"line":42}},"s":{"0":1,"1":1,"2":1,"3":1,"4":1,"5":1,"6":25,"7":1,"8":1,"9":0,"10":0,"11":0,"12":0,"13":0,"14":0,"15":0,"16":0,"17":0,"18":0,"19":0,"20":0,"21":0,"22":1,"23":0,"24":0,"25":0,"26":0,"27":0,"28":0,"29":0,"30":1},"f":{"0":25,"1":0,"2":0,"3":0,"4":0,"5":0,"6":0},"b":{"0":[24,1],"1":[0,0],"2":[0,0],"3":[0,0],"4":[0,0],"5":[0,0],"6":[0,0]},"_coverageSchema":"1a1c01bbd47fc00a2c39e90264f33305004495a9","hash":"dd4337ece754cba92344c425ba7c997c8a228625"}
,"/home/runner/work/jblk66AI-bot-tradingG/jblk66AI-bot-tradingG/backend/src/utils/audit.js": {"path":"/home/runner/work/jblk66AI-bot-tradingG/jblk66AI-bot-tradingG/backend/src/utils/audit.js","statementMap":{"0":{"start":{"line":1,"column":17},"end":{"line":1,"column":46}},"1":{"start":{"line":3,"column":23},"end":{"line":37,"column":1}},"2":{"start":{"line":17,"column":2},"end":{"line":36,"column":3}},"3":{"start":{"line":18,"column":16},"end":{"line":31,"column":6}},"4":{"start":{"line":32,"column":4},"end":{"line":32,"column":21}},"5":{"start":{"line":33,"column":4},"end":{"line":33,"column":15}},"6":{"start":{"line":35,"column":4},"end":{"line":35,"column":62}},"7":{"start":{"line":39,"column":0},"end":{"line":39,"column":36}}},"fnMap":{"0":{"name":"(anonymous_0)","decl":{"start":{"line":3,"column":23},"end":{"line":3,"column":24}},"loc":{"start":{"line":16,"column":6},"end":{"line":37,"column":1}},"line":16}},"branchMap":{"0":{"loc":{"start":{"line":14,"column":2},"end":{"line":14,"column":20}},"type":"default-arg","locations":[{"start":{"line":14,"column":11},"end":{"line":14,"column":20}}],"line":14}},"s":{"0":1,"1":1,"2":4,"3":4,"4":4,"5":4,"6":0,"7":1},"f":{"0":4},"b":{"0":[0]},"_coverageSchema":"1a1c01bbd47fc00a2c39e90264f33305004495a9","hash":"c61cf05cc3e7727129226bdef47b0be69872069d"}
,"/home/runner/work/jblk66AI-bot-tradingG/jblk66AI-bot-tradingG/backend/src/utils/jwt.js": {"path":"/home/runner/work/jblk66AI-bot-tradingG/jblk66AI-bot-tradingG/backend/src/utils/jwt.js","statementMap":{"0":{"start":{"line":1,"column":12},"end":{"line":1,"column":35}},"1":{"start":{"line":3,"column":28},"end":{"line":3,"column":33}},"2":{"start":{"line":4,"column":29},"end":{"line":4,"column":33}},"3":{"start":{"line":6,"column":28},"end":{"line":11,"column":1}},"4":{"start":{"line":7,"column":2},"end":{"line":10,"column":5}},"5":{"start":{"line":13,"column":29},"end":{"line":18,"column":1}},"6":{"start":{"line":14,"column":2},"end":{"line":17,"column":5}},"7":{"start":{"line":20,"column":26},"end":{"line":22,"column":1}},"8":{"start":{"line":21,"column":2},"end":{"line":21,"column":51}},"9":{"start":{"line":24,"column":27},"end":{"line":26,"column":1}},"10":{"start":{"line":25,"column":2},"end":{"line":25,"column":59}},"11":{"start":{"line":28,"column":0},"end":{"line":33,"column":2}}},"fnMap":{"0":{"name":"(anonymous_0)","decl":{"start":{"line":6,"column":28},"end":{"line":6,"column":29}},"loc":{"start":{"line":6,"column":41},"end":{"line":11,"column":1}},"line":6},"1":{"name":"(anonymous_1)","decl":{"start":{"line":13,"column":29},"end":{"line":13,"column":30}},"loc":{"start":{"line":13,"column":42},"end":{"line":18,"column":1}},"line":13},"2":{"name":"(anonymous_2)","decl":{"start":{"line":20,"column":26},"end":{"line":20,"column":27}},"loc":{"start":{"line":20,"column":37},"end":{"line":22,"column":1}},"line":20},"3":{"name":"(anonymous_3)","decl":{"start":{"line":24,"column":27},"end":{"line":24,"column":28}},"loc":{"start":{"line":24,"column":38},"end":{"line":26,"column":1}},"line":24}},"branchMap":{},"s":{"0":1,"1":1,"2":1,"3":1,"4":4,"5":1,"6":2,"7":1,"8":2,"9":1,"10":2,"11":1},"f":{"0":4,"1":2,"2":2,"3":2},"b":{},"_coverageSchema":"1a1c01bbd47fc00a2c39e90264f33305004495a9","hash":"b3ac7907fcb0aa776dedeae5951f5bbc936e1bf2"}
}
